"C:/Users/Owner/Documents/Unreal Projects/PsychGame/PsychGame.uproject" 1
"../../../Engine/Plugins/2D/Paper2D/Paper2D.uplugin" 2
"../../../Engine/Plugins/Blendables/LightPropagationVolume/LightPropagationVolume.uplugin" 3
"../../../Engine/Plugins/Developer/BlankPlugin/BlankPlugin.uplugin" 4
"../../../Engine/Plugins/Developer/CodeLiteSourceCodeAccess/CodeLiteSourceCodeAccess.uplugin" 5
"../../../Engine/Plugins/Developer/GitSourceControl/GitSourceControl.uplugin" 6
"../../../Engine/Plugins/Developer/KDevelopSourceCodeAccess/KDevelopSourceCodeAccess.uplugin" 7
"../../../Engine/Plugins/Developer/NullSourceCodeAccess/NullSourceCodeAccess.uplugin" 8
"../../../Engine/Plugins/Developer/OneSkyLocalizationService/OneSkyLocalizationService.uplugin" 9
"../../../Engine/Plugins/Developer/PerforceSourceControl/PerforceSourceControl.uplugin" 10
"../../../Engine/Plugins/Developer/SubversionSourceControl/SubversionSourceControl.uplugin" 11
"../../../Engine/Plugins/Developer/UObjectPlugin/UObjectPlugin.uplugin" 12
"../../../Engine/Plugins/Developer/VisualStudioSourceCodeAccess/VisualStudioSourceCodeAccess.uplugin" 13
"../../../Engine/Plugins/Developer/XCodeSourceCodeAccess/XCodeSourceCodeAccess.uplugin" 14
"../../../Engine/Plugins/Editor/EpicSurvey/EpicSurvey.uplugin" 15
"../../../Engine/Plugins/Editor/MacGraphicsSwitching/MacGraphicsSwitching.uplugin" 16
"../../../Engine/Plugins/Editor/PluginBrowser/PluginBrowser.uplugin" 17
"../../../Engine/Plugins/Editor/SpeedTreeImporter/SpeedTreeImporter.uplugin" 18
"../../../Engine/Plugins/Experimental/BlueprintStats/BlueprintStats.uplugin" 19
"../../../Engine/Plugins/Experimental/CharacterAI/CharacterAI.uplugin" 20
"../../../Engine/Plugins/Experimental/CodeEditor/CodeEditor.uplugin" 21
"../../../Engine/Plugins/Experimental/CodeView/CodeView.uplugin" 22
"../../../Engine/Plugins/Experimental/HTML5Networking/HTML5Networking.uplugin" 23
"../../../Engine/Plugins/Experimental/LiveEditor/LiveEditor.uplugin" 24
"../../../Engine/Plugins/Experimental/Phya/Phya.uplugin" 25
"../../../Engine/Plugins/Experimental/SimpleHMD/SimpleHMD.uplugin" 26
"../../../Engine/Plugins/Experimental/StructBox/StructBox.uplugin" 27
"../../../Engine/Plugins/Media/AndroidMedia/AndroidMedia.uplugin" 28
"../../../Engine/Plugins/Media/AvfMedia/AvfMedia.uplugin" 29
"../../../Engine/Plugins/Media/MediaPlayerEditor/MediaPlayerEditor.uplugin" 30
"../../../Engine/Plugins/Media/WmfMedia/WmfMedia.uplugin" 31
"../../../Engine/Plugins/Messaging/MessagingDebugger/MessagingDebugger.uplugin" 32
"../../../Engine/Plugins/Messaging/UdpMessaging/UdpMessaging.uplugin" 33
"../../../Engine/Plugins/NetcodeUnitTest/NetcodeUnitTest/NetcodeUnitTest.uplugin" 34
"../../../Engine/Plugins/NetcodeUnitTest/NUTUnrealEngine4/NUTUnrealEngine4.uplugin" 35
"../../../Engine/Plugins/Runtime/Advertising/IOSTapJoy/IOSTapJoy.uplugin" 36
"../../../Engine/Plugins/Runtime/Analytics/AnalyticsBlueprintLibrary/AnalyticsBlueprintLibrary.uplugin" 37
"../../../Engine/Plugins/Runtime/Analytics/AnalyticsMulticast/AnalyticsMulticast.uplugin" 38
"../../../Engine/Plugins/Runtime/Analytics/Apsalar/IOSApsalar/IOSApsalar.uplugin" 39
"../../../Engine/Plugins/Runtime/Analytics/FileLogging/FileLogging.uplugin" 40
"../../../Engine/Plugins/Runtime/Analytics/Flurry/IOSFlurry/IOSFlurry.uplugin" 41
"../../../Engine/Plugins/Runtime/AndroidDeviceProfileSelector/AndroidDeviceProfileSelector.uplugin" 42
"../../../Engine/Plugins/Runtime/AndroidMoviePlayer/AndroidMoviePlayer.uplugin" 43
"../../../Engine/Plugins/Runtime/AppleMoviePlayer/AppleMoviePlayer.uplugin" 44
"../../../Engine/Plugins/Runtime/ArchVisCharacter/ArchVisCharacter.uplugin" 45
"../../../Engine/Plugins/Runtime/CableComponent/CableComponent.uplugin" 46
"../../../Engine/Plugins/Runtime/CustomMeshComponent/CustomMeshComponent.uplugin" 47
"../../../Engine/Plugins/Runtime/ExampleDeviceProfileSelector/ExampleDeviceProfileSelector.uplugin" 48
"../../../Engine/Plugins/Runtime/GearVR/GearVR.uplugin" 49
"../../../Engine/Plugins/Runtime/IOSDeviceProfileSelector/IOSDeviceProfileSelector.uplugin" 50
"../../../Engine/Plugins/Runtime/LeapMotionController/LeapMotionController.uplugin" 51
"../../../Engine/Plugins/Runtime/LiveEditorListenServer/LiveEditorListenServer.uplugin" 52
"../../../Engine/Plugins/Runtime/OculusAudio/OculusAudio.uplugin" 53
"../../../Engine/Plugins/Runtime/OculusLibrary/OculusLibrary.uplugin" 54
"../../../Engine/Plugins/Runtime/OculusRift/OculusRift.uplugin" 55
"../../../Engine/Plugins/Runtime/ProceduralMeshComponent/ProceduralMeshComponent.uplugin" 56
"../../../Engine/Plugins/Runtime/SoundMod/SoundMod.uplugin" 57
"../../../Engine/Plugins/Runtime/SoundVisualizations/SoundVisualizations.uplugin" 58
"../../../Engine/Plugins/Runtime/Steam/SteamController/SteamController.uplugin" 59
"../../../Engine/Plugins/Runtime/Steam/SteamVR/SteamVR.uplugin" 60
"../../../Engine/Plugins/Runtime/WebBrowserWidget/WebBrowserWidget.uplugin" 61
"../../../Engine/Plugins/Runtime/WindowsDeviceProfileSelector/WindowsDeviceProfileSelector.uplugin" 62
"../../../Engine/Plugins/Runtime/WindowsMoviePlayer/WindowsMoviePlayer.uplugin" 63
"../../../Engine/Plugins/ScriptGeneratorPlugin/ScriptGeneratorPlugin.uplugin" 64
"../../../Engine/Plugins/ScriptPlugin/ScriptPlugin.uplugin" 65
"../../../Engine/Plugins/Slate/SlateRemote/SlateRemote.uplugin" 66
"..\..\..\Engine\Content\Internationalization\icudt53l\cnvalias.icu" 67
"..\..\..\Engine\Content\Internationalization\icudt53l\en_US_POSIX.res" 68
"..\..\..\Engine\Content\Internationalization\icudt53l\pool.res" 69
"..\..\..\Engine\Content\Internationalization\icudt53l\en_US.res" 70
"..\..\..\Engine\Content\Internationalization\icudt53l\en.res" 71
"..\..\..\Engine\Content\Internationalization\icudt53l\root.res" 72
"C:/Users/Owner/AppData/Local/UnrealEngine/4.9/Saved/Config/Windows/Manifest.ini" 73
"../../../Engine/Config/Base.ini" 74
"../../../Engine/Config/BaseEngine.ini" 75
"C:/Users/Owner/Documents/Unreal Projects/PsychGame/Config/DefaultEngine.ini" 76
"../../../Engine/Config/Windows/WindowsEngine.ini" 77
"C:/Users/Owner/AppData/Local/Unreal Engine/Engine/Config/UserEngine.ini" 78
"C:/Users/Owner/Documents/Unreal Projects/PsychGame/Saved/Config/Windows/Engine.ini" 79
"../../../../../../Users/Owner/Documents/Unreal Projects/PsychGame/Intermediate/Config/CoalescedSourceConfigs/Engine.ini" 80
"../../../Engine/Config/BaseGame.ini" 81
"C:/Users/Owner/Documents/Unreal Projects/PsychGame/Config/DefaultGame.ini" 82
"C:/Users/Owner/Documents/Unreal Projects/PsychGame/Saved/Config/Windows/Game.ini" 83
"../../../../../../Users/Owner/Documents/Unreal Projects/PsychGame/Intermediate/Config/CoalescedSourceConfigs/Game.ini" 84
"../../../Engine/Config/BaseInput.ini" 85
"C:/Users/Owner/Documents/Unreal Projects/PsychGame/Config/DefaultInput.ini" 86
"C:/Users/Owner/Documents/Unreal Projects/PsychGame/Saved/Config/Windows/Input.ini" 87
"../../../../../../Users/Owner/Documents/Unreal Projects/PsychGame/Intermediate/Config/CoalescedSourceConfigs/Input.ini" 88
"../../../Engine/Config/BaseEditor.ini" 89
"C:/Users/Owner/Documents/Unreal Projects/PsychGame/Config/DefaultEditor.ini" 90
"C:/Users/Owner/Documents/Unreal Projects/PsychGame/Saved/Config/Windows/Editor.ini" 91
"../../../../../../Users/Owner/Documents/Unreal Projects/PsychGame/Intermediate/Config/CoalescedSourceConfigs/Editor.ini" 92
"../../../Engine/Config/BaseEditorPerProjectUserSettings.ini" 93
"C:/Users/Owner/Documents/Unreal Projects/PsychGame/Saved/Config/Windows/EditorPerProjectUserSettings.ini" 94
"../../../../../../Users/Owner/Documents/Unreal Projects/PsychGame/Intermediate/Config/CoalescedSourceConfigs/EditorPerProjectUserSettings.ini" 95
"../../../Engine/Config/BaseEditorSettings.ini" 96
"C:/Users/Owner/AppData/Local/UnrealEngine/4.9/Saved/Config/Windows/EditorSettings.ini" 97
"../../../../../../Users/Owner/Documents/Unreal Projects/PsychGame/Intermediate/Config/CoalescedSourceConfigs/EditorSettings.ini" 98
"../../../Engine/Config/BaseEditorLayout.ini" 99
"C:/Users/Owner/AppData/Local/UnrealEngine/4.9/Saved/Config/Windows/EditorLayout.ini" 100
"../../../../../../Users/Owner/Documents/Unreal Projects/PsychGame/Intermediate/Config/CoalescedSourceConfigs/EditorLayout.ini" 101
"../../../Engine/Config/BaseEditorKeyBindings.ini" 102
"C:/Users/Owner/AppData/Local/UnrealEngine/4.9/Saved/Config/Windows/EditorKeyBindings.ini" 103
"../../../../../../Users/Owner/Documents/Unreal Projects/PsychGame/Intermediate/Config/CoalescedSourceConfigs/EditorKeyBindings.ini" 104
"../../../Engine/Config/BaseCompat.ini" 105
"C:/Users/Owner/Documents/Unreal Projects/PsychGame/Saved/Config/Windows/Compat.ini" 106
"../../../../../../Users/Owner/Documents/Unreal Projects/PsychGame/Intermediate/Config/CoalescedSourceConfigs/Compat.ini" 107
"../../../Engine/Config/BaseLightmass.ini" 108
"C:/Users/Owner/Documents/Unreal Projects/PsychGame/Saved/Config/Windows/Lightmass.ini" 109
"../../../../../../Users/Owner/Documents/Unreal Projects/PsychGame/Intermediate/Config/CoalescedSourceConfigs/Lightmass.ini" 110
"../../../Engine/Config/BaseScalability.ini" 111
"C:/Users/Owner/Documents/Unreal Projects/PsychGame/Saved/Config/Windows/Scalability.ini" 112
"../../../../../../Users/Owner/Documents/Unreal Projects/PsychGame/Intermediate/Config/CoalescedSourceConfigs/Scalability.ini" 113
"C:/Users/Owner/Documents/Unreal Projects/PsychGame/Saved/Config/Windows/GameUserSettings.ini" 114
"../../../../../../Users/Owner/Documents/Unreal Projects/PsychGame/Intermediate/Config/CoalescedSourceConfigs/GameUserSettings.ini" 115
"../../../Engine/Config/BaseDeviceProfiles.ini" 116
"C:/Users/Owner/Documents/Unreal Projects/PsychGame/Saved/Config/Windows/DeviceProfiles.ini" 117
"../../../../../../Users/Owner/Documents/Unreal Projects/PsychGame/Intermediate/Config/CoalescedSourceConfigs/DeviceProfiles.ini" 118
"../../../Engine/Config/ConsoleVariables.ini" 119
"..\..\..\Engine\Content\Internationalization\icudt53l\es.res" 120
"..\..\..\Engine\Content\Internationalization\icudt53l\ja.res" 121
"..\..\..\Engine\Content\Internationalization\icudt53l\ko.res" 122
"..\..\..\Engine\Content\Internationalization\icudt53l\pt_BR.res" 123
"..\..\..\Engine\Content\Internationalization\icudt53l\pt.res" 124
"..\..\..\Engine\Content\Internationalization\icudt53l\zh_CN.res" 125
"..\..\..\Engine\Content\Internationalization\icudt53l\zh_Hans_CN.res" 126
"..\..\..\Engine\Content\Internationalization\icudt53l\zh_Hans.res" 127
"..\..\..\Engine\Content\Internationalization\icudt53l\zh.res" 128
"C:/Program Files/Epic Games/4.9/Engine/Content/Localization/Editor/en/Editor.locres" 129
"C:/Program Files/Epic Games/4.9/Engine/Content/Localization/EditorTutorials/en/EditorTutorials.locres" 130
"C:/Program Files/Epic Games/4.9/Engine/Content/Localization/Keywords/en/Keywords.locres" 131
"C:/Program Files/Epic Games/4.9/Engine/Content/Localization/Category/en/Category.locres" 132
"C:/Program Files/Epic Games/4.9/Engine/Content/Localization/ToolTips/en/ToolTips.locres" 133
"C:/Program Files/Epic Games/4.9/Engine/Content/Localization/PropertyNames/en/PropertyNames.locres" 134
"C:/Program Files/Epic Games/4.9/Engine/Content/Localization/Engine/en/Engine.locres" 135
"../../../Engine/Content/Slate/Fonts/Roboto-Regular.ttf" 136
"../../../Engine/Content/Slate/Fonts/DroidSansMono.ttf" 137
"../../../Engine/Content/Slate/Fonts/Roboto-Bold.ttf" 138
"../../../Engine/Content/Slate/Fonts/Roboto-Light.ttf" 139
"C:/Program Files/Epic Games/4.9/Engine/Binaries/Win64/../../../Engine/Shaders/ParticleSpriteVertexFactory.usf" 140
"C:/Program Files/Epic Games/4.9/Engine/Binaries/Win64/../../../Engine/Shaders/VertexFactoryCommon.usf" 141
"C:/Program Files/Epic Games/4.9/Engine/Binaries/Win64/../../../Engine/Shaders/Common.usf" 142
"C:/Program Files/Epic Games/4.9/Engine/Binaries/Win64/../../../Engine/Shaders/MetalCommon.usf" 143
"C:/Program Files/Epic Games/4.9/Engine/Binaries/Win64/../../../Engine/Shaders/ShaderVersion.usf" 144
"C:/Program Files/Epic Games/4.9/Engine/Binaries/Win64/../../../Engine/Shaders/CommonViewUniformBuffer.usf" 145
"C:/Program Files/Epic Games/4.9/Engine/Binaries/Win64/../../../Engine/Shaders/Definitions.usf" 146
"C:/Program Files/Epic Games/4.9/Engine/Binaries/Win64/../../../Engine/Shaders/Random.usf" 147
"C:/Program Files/Epic Games/4.9/Engine/Binaries/Win64/../../../Engine/Shaders/ParticleVertexFactoryCommon.usf" 148
"C:/Program Files/Epic Games/4.9/Engine/Binaries/Win64/../../../Engine/Shaders/ParticleGPUSpriteVertexFactory.usf" 149
"C:/Program Files/Epic Games/4.9/Engine/Binaries/Win64/../../../Engine/Shaders/ParticleBeamTrailVertexFactory.usf" 150
"C:/Program Files/Epic Games/4.9/Engine/Binaries/Win64/../../../Engine/Shaders/LocalVertexFactory.usf" 151
"C:/Program Files/Epic Games/4.9/Engine/Binaries/Win64/../../../Engine/Shaders/LocalVertexFactoryCommon.usf" 152
"C:/Program Files/Epic Games/4.9/Engine/Binaries/Win64/../../../Engine/Shaders/VectorFieldVisualizationVertexFactory.usf" 153
"C:/Program Files/Epic Games/4.9/Engine/Binaries/Win64/../../../Engine/Shaders/MeshParticleVertexFactory.usf" 154
"C:/Program Files/Epic Games/4.9/Engine/Binaries/Win64/../../../Engine/Shaders/GpuSkinVertexFactory.usf" 155
"C:/Program Files/Epic Games/4.9/Engine/Binaries/Win64/../../../Engine/Shaders/GpuSkinCacheCommon.usf" 156
"C:/Program Files/Epic Games/4.9/Engine/Binaries/Win64/../../../Engine/Shaders/LandscapeVertexFactory.usf" 157
"C:/Program Files/Epic Games/4.9/Engine/Binaries/Win64/../../../Engine/Shaders/SlateElementPixelShader.usf" 158
"C:/Program Files/Epic Games/4.9/Engine/Binaries/Win64/../../../Engine/Shaders/GammaCorrectionCommon.usf" 159
"C:/Program Files/Epic Games/4.9/Engine/Binaries/Win64/../../../Engine/Shaders/MaterialTemplate.usf" 160
"C:/Program Files/Epic Games/4.9/Engine/Binaries/Win64/../../../Engine/Shaders/DepthOfFieldCommon.usf" 161
"C:/Program Files/Epic Games/4.9/Engine/Binaries/Win64/../../../Engine/Shaders/GlobalDistanceFieldShared.usf" 162
"C:/Program Files/Epic Games/4.9/Engine/Binaries/Win64/../../../Engine/Shaders/SpeedTreeCommon.usf" 163
"C:/Program Files/Epic Games/4.9/Engine/Binaries/Win64/../../../Engine/Shaders/AtmosphereCommon.usf" 164
"C:/Program Files/Epic Games/4.9/Engine/Binaries/Win64/../../../Engine/Shaders/PaniniProjection.usf" 165
"C:/Program Files/Epic Games/4.9/Engine/Binaries/Win64/../../../Engine/Shaders/EyeAdaptationCommon.usf" 166
"C:/Program Files/Epic Games/4.9/Engine/Binaries/Win64/../../../Engine/Shaders/PostProcessCommon.usf" 167
"C:/Program Files/Epic Games/4.9/Engine/Binaries/Win64/../../../Engine/Shaders/DeferredShadingCommon.usf" 168
"C:/Program Files/Epic Games/4.9/Engine/Binaries/Win64/../../../Engine/Shaders/LightAccumulator.usf" 169
"C:/Program Files/Epic Games/4.9/Engine/Binaries/Win64/../../../Engine/Shaders/SlateVertexShader.usf" 170
"C:/Program Files/Epic Games/4.9/Engine/Binaries/Win64/../../../Engine/Shaders/ParticleSortKeyGen.usf" 171
"C:/Program Files/Epic Games/4.9/Engine/Binaries/Win64/../../../Engine/Shaders/ParticleBoundsShader.usf" 172
"C:/Program Files/Epic Games/4.9/Engine/Binaries/Win64/../../../Engine/Shaders/ParticleSimVisualizeShader.usf" 173
"C:/Program Files/Epic Games/4.9/Engine/Binaries/Win64/../../../Engine/Shaders/ParticleInjectionShader.usf" 174
"C:/Program Files/Epic Games/4.9/Engine/Binaries/Win64/../../../Engine/Shaders/ParticleSimulationShader.usf" 175
"C:/Program Files/Epic Games/4.9/Engine/Binaries/Win64/../../../Engine/Shaders/ParticleCurveInjectionShader.usf" 176
"C:/Program Files/Epic Games/4.9/Engine/Binaries/Win64/../../../Engine/Shaders/VectorFieldCompositeShaders.usf" 177
"C:/Program Files/Epic Games/4.9/Engine/Binaries/Win64/../../../Engine/Shaders/UpdateTextureShaders.usf" 178
"C:/Program Files/Epic Games/4.9/Engine/Binaries/Win64/../../../Engine/Shaders/SimpleElementColorChannelMaskPixelShader.usf" 179
"C:/Program Files/Epic Games/4.9/Engine/Binaries/Win64/../../../Engine/Shaders/SimpleElementPixelShader.usf" 180
"C:/Program Files/Epic Games/4.9/Engine/Binaries/Win64/../../../Engine/Shaders/ColorUtils.usf" 181
"C:/Program Files/Epic Games/4.9/Engine/Binaries/Win64/../../../Engine/Shaders/IESLightProfilesCommon.usf" 182
"C:/Program Files/Epic Games/4.9/Engine/Binaries/Win64/../../../Engine/Shaders/SimpleElementHitProxyPixelShader.usf" 183
"C:/Program Files/Epic Games/4.9/Engine/Binaries/Win64/../../../Engine/Shaders/SimpleElementVertexShader.usf" 184
"C:/Program Files/Epic Games/4.9/Engine/Binaries/Win64/../../../Engine/Shaders/ScreenVertexShader.usf" 185
"C:/Program Files/Epic Games/4.9/Engine/Binaries/Win64/../../../Engine/Shaders/ScreenPixelShader.usf" 186
"C:/Program Files/Epic Games/4.9/Engine/Binaries/Win64/../../../Engine/Shaders/RadixSortShaders.usf" 187
"C:/Program Files/Epic Games/4.9/Engine/Binaries/Win64/../../../Engine/Shaders/GpuSkinCacheComputeShader.usf" 188
"C:/Program Files/Epic Games/4.9/Engine/Binaries/Win64/../../../Engine/Shaders/NullPixelShader.usf" 189
"C:/Program Files/Epic Games/4.9/Engine/Binaries/Win64/../../../Engine/Shaders/LandscapeGrassWeight.usf" 190
"C:/Program Files/Epic Games/4.9/Engine/Binaries/Win64/../../../Engine/Shaders/VisualizeTexture.usf" 191
"C:/Program Files/Epic Games/4.9/Engine/Binaries/Win64/../../../Engine/Shaders/ScreenSpaceReflections.usf" 192
"C:/Program Files/Epic Games/4.9/Engine/Binaries/Win64/../../../Engine/Shaders/BRDF.usf" 193
"C:/Program Files/Epic Games/4.9/Engine/Binaries/Win64/../../../Engine/Shaders/MonteCarlo.usf" 194
"C:/Program Files/Epic Games/4.9/Engine/Binaries/Win64/../../../Engine/Shaders/ScreenSpaceRayCast.usf" 195
"C:/Program Files/Epic Games/4.9/Engine/Binaries/Win64/../../../Engine/Shaders/FilterVertexShader.usf" 196
"C:/Program Files/Epic Games/4.9/Engine/Binaries/Win64/../../../Engine/Shaders/FilterPixelShader.usf" 197
"C:/Program Files/Epic Games/4.9/Engine/Binaries/Win64/../../../Engine/Shaders/PostProcessVisualizeHDR.usf" 198
"C:/Program Files/Epic Games/4.9/Engine/Binaries/Win64/../../../Engine/Shaders/PostProcessHistogramCommon.usf" 199
"C:/Program Files/Epic Games/4.9/Engine/Binaries/Win64/../../../Engine/Shaders/TonemapCommon.usf" 200
"C:/Program Files/Epic Games/4.9/Engine/Binaries/Win64/../../../Engine/Shaders/ACES.usf" 201
"C:/Program Files/Epic Games/4.9/Engine/Binaries/Win64/../../../Engine/Shaders/MiniFontCommon.usf" 202
"C:/Program Files/Epic Games/4.9/Engine/Binaries/Win64/../../../Engine/Shaders/PostProcessVisualizeBuffer.usf" 203
"C:/Program Files/Epic Games/4.9/Engine/Binaries/Win64/../../../Engine/Shaders/PostProcessUpscale.usf" 204
"C:/Program Files/Epic Games/4.9/Engine/Binaries/Win64/../../../Engine/Shaders/PostProcessTonemap.usf" 205
"C:/Program Files/Epic Games/4.9/Engine/Binaries/Win64/../../../Engine/Shaders/PostProcessTestImage.usf" 206
"C:/Program Files/Epic Games/4.9/Engine/Binaries/Win64/../../../Engine/Shaders/PostProcessTemporalAA.usf" 207
"C:/Program Files/Epic Games/4.9/Engine/Binaries/Win64/../../../Engine/Shaders/PostProcessTemporalCommon.usf" 208
"C:/Program Files/Epic Games/4.9/Engine/Binaries/Win64/../../../Engine/Shaders/PostProcessSubsurface.usf" 209
"C:/Program Files/Epic Games/4.9/Engine/Binaries/Win64/../../../Engine/Shaders/SeparableSSS.usf" 210
"C:/Program Files/Epic Games/4.9/Engine/Binaries/Win64/../../../Engine/Shaders/PostProcessSelectionOutline.usf" 211
"C:/Program Files/Epic Games/4.9/Engine/Binaries/Win64/../../../Engine/Shaders/PostProcessSceneColorFringe.usf" 212
"C:/Program Files/Epic Games/4.9/Engine/Binaries/Win64/../../../Engine/Shaders/PostProcessNoiseBlur.usf" 213
"C:/Program Files/Epic Games/4.9/Engine/Binaries/Win64/../../../Engine/Shaders/PostProcessMotionBlur.usf" 214
"C:/Program Files/Epic Games/4.9/Engine/Binaries/Win64/../../../Engine/Shaders/FastMath.usf" 215
"C:/Program Files/Epic Games/4.9/Engine/Binaries/Win64/../../../Engine/Shaders/PostProcessVelocityFlatten.usf" 216
"C:/Program Files/Epic Games/4.9/Engine/Binaries/Win64/../../../Engine/Shaders/MorpheusInclude.usf" 217
"C:/Program Files/Epic Games/4.9/Engine/Binaries/Win64/../../../Engine/Shaders/PostProcessMobile.usf" 218
"C:/Program Files/Epic Games/4.9/Engine/Binaries/Win64/../../../Engine/Shaders/PostProcessMaterialShaders.usf" 219
"C:/Program Files/Epic Games/4.9/Engine/Binaries/Win64/../../../Engine/Shaders/PostProcessLensFlares.usf" 220
"C:/Program Files/Epic Games/4.9/Engine/Binaries/Win64/../../../Engine/Shaders/PostProcessLensBlur.usf" 221
"C:/Program Files/Epic Games/4.9/Engine/Binaries/Win64/../../../Engine/Shaders/PostProcessBloom.usf" 222
"C:/Program Files/Epic Games/4.9/Engine/Binaries/Win64/../../../Engine/Shaders/PostProcessHMD.usf" 223
"C:/Program Files/Epic Games/4.9/Engine/Binaries/Win64/../../../Engine/Shaders/PostProcessHistogramReduce.usf" 224
"C:/Program Files/Epic Games/4.9/Engine/Binaries/Win64/../../../Engine/Shaders/PostProcessHistogram.usf" 225
"C:/Program Files/Epic Games/4.9/Engine/Binaries/Win64/../../../Engine/Shaders/PostProcessHierarchical.usf" 226
"C:/Program Files/Epic Games/4.9/Engine/Binaries/Win64/../../../Engine/Shaders/PostProcessGBufferHints.usf" 227
"C:/Program Files/Epic Games/4.9/Engine/Binaries/Win64/../../../Engine/Shaders/PostProcessEyeAdaptation.usf" 228
"C:/Program Files/Epic Games/4.9/Engine/Binaries/Win64/../../../Engine/Shaders/PostProcessDownsample.usf" 229
"C:/Program Files/Epic Games/4.9/Engine/Binaries/Win64/../../../Engine/Shaders/PostProcessDOF.usf" 230
"C:/Program Files/Epic Games/4.9/Engine/Binaries/Win64/../../../Engine/Shaders/PostProcessCompositeEditorPrimitives.usf" 231
"C:/Program Files/Epic Games/4.9/Engine/Binaries/Win64/../../../Engine/Shaders/PostProcessCombineLUTs.usf" 232
"C:/Program Files/Epic Games/4.9/Engine/Binaries/Win64/../../../Engine/Shaders/PostProcessCircleDOF.usf" 233
"C:/Program Files/Epic Games/4.9/Engine/Binaries/Win64/../../../Engine/Shaders/CircleDOFCommon.usf" 234
"C:/Program Files/Epic Games/4.9/Engine/Binaries/Win64/../../../Engine/Shaders/PostProcessBusyWait.usf" 235
"C:/Program Files/Epic Games/4.9/Engine/Binaries/Win64/../../../Engine/Shaders/PostProcessBokehDOF.usf" 236
"C:/Program Files/Epic Games/4.9/Engine/Binaries/Win64/../../../Engine/Shaders/PostProcessVisualizeDOF.usf" 237
"C:/Program Files/Epic Games/4.9/Engine/Binaries/Win64/../../../Engine/Shaders/FXAAShader.usf" 238
"C:/Program Files/Epic Games/4.9/Engine/Binaries/Win64/../../../Engine/Shaders/Fxaa3_11.usf" 239
"C:/Program Files/Epic Games/4.9/Engine/Binaries/Win64/../../../Engine/Shaders/PostProcessPassThrough.usf" 240
"C:/Program Files/Epic Games/4.9/Engine/Binaries/Win64/../../../Engine/Shaders/PostProcessLpvIndirect.usf" 241
"C:/Program Files/Epic Games/4.9/Engine/Binaries/Win64/../../../Engine/Shaders/DeferredLightingCommon.usf" 242
"C:/Program Files/Epic Games/4.9/Engine/Binaries/Win64/../../../Engine/Shaders/DynamicLightingCommon.usf" 243
"C:/Program Files/Epic Games/4.9/Engine/Binaries/Win64/../../../Engine/Shaders/ShadingModels.usf" 244
"C:/Program Files/Epic Games/4.9/Engine/Binaries/Win64/../../../Engine/Shaders/LPVFinalPass.usf" 245
"C:/Program Files/Epic Games/4.9/Engine/Binaries/Win64/../../../Engine/Shaders/LPVCommon.usf" 246
"C:/Program Files/Epic Games/4.9/Engine/Binaries/Win64/../../../Engine/Shaders/DeferredDecal.usf" 247
"C:/Program Files/Epic Games/4.9/Engine/Binaries/Win64/../../../Engine/Shaders/PostProcessAmbientOcclusion.usf" 248
"C:/Program Files/Epic Games/4.9/Engine/Binaries/Win64/../../../Engine/Shaders/PostProcessAmbient.usf" 249
"C:/Program Files/Epic Games/4.9/Engine/Binaries/Win64/../../../Engine/Shaders/CubemapCommon.usf" 250
"C:/Program Files/Epic Games/4.9/Engine/Binaries/Win64/../../../Engine/Shaders/VelocityShader.usf" 251
"C:/Program Files/Epic Games/4.9/Engine/Binaries/Win64/../../../Engine/Shaders/VelocityCommon.usf" 252
"C:/Program Files/Epic Games/4.9/Engine/Binaries/Win64/../../../Engine/Shaders/Tessellation.usf" 253
"C:/Program Files/Epic Games/4.9/Engine/Binaries/Win64/../../../Engine/Shaders/FlatTessellation.usf" 254
"C:/Program Files/Epic Games/4.9/Engine/Binaries/Win64/../../../Engine/Shaders/PNTriangles.usf" 255
"C:/Program Files/Epic Games/4.9/Engine/Binaries/Win64/../../../Engine/Shaders/TranslucentLightingShaders.usf" 256
"C:/Program Files/Epic Games/4.9/Engine/Binaries/Win64/../../../Engine/Shaders/SHCommon.usf" 257
"C:/Program Files/Epic Games/4.9/Engine/Binaries/Win64/../../../Engine/Shaders/ShadowProjectionCommon.usf" 258
"C:/Program Files/Epic Games/4.9/Engine/Binaries/Win64/../../../Engine/Shaders/TranslucentLightInjectionShaders.usf" 259
"C:/Program Files/Epic Games/4.9/Engine/Binaries/Win64/../../../Engine/Shaders/LightFunctionCommon.usf" 260
"C:/Program Files/Epic Games/4.9/Engine/Binaries/Win64/../../../Engine/Shaders/TranslucentShadowDepthShaders.usf" 261
"C:/Program Files/Epic Games/4.9/Engine/Binaries/Win64/../../../Engine/Shaders/ShadowDepthCommon.usf" 262
"C:/Program Files/Epic Games/4.9/Engine/Binaries/Win64/../../../Engine/Shaders/TiledDeferredLightShaders.usf" 263
"C:/Program Files/Epic Games/4.9/Engine/Binaries/Win64/../../../Engine/Shaders/SurfelTree.usf" 264
"C:/Program Files/Epic Games/4.9/Engine/Binaries/Win64/../../../Engine/Shaders/DistanceFieldLightingShared.usf" 265
"C:/Program Files/Epic Games/4.9/Engine/Binaries/Win64/../../../Engine/Shaders/SurfelMaterialShared.usf" 266
"C:/Program Files/Epic Games/4.9/Engine/Binaries/Win64/../../../Engine/Shaders/DistanceFieldAOShared.usf" 267
"C:/Program Files/Epic Games/4.9/Engine/Binaries/Win64/../../../Engine/Shaders/ShadowProjectionPixelShader.usf" 268
"C:/Program Files/Epic Games/4.9/Engine/Binaries/Win64/../../../Engine/Shaders/ShadowFilteringCommon.usf" 269
"C:/Program Files/Epic Games/4.9/Engine/Binaries/Win64/../../../Engine/Shaders/ShadowProjectionVertexShader.usf" 270
"C:/Program Files/Epic Games/4.9/Engine/Binaries/Win64/../../../Engine/Shaders/ShadowDepthPixelShader.usf" 271
"C:/Program Files/Epic Games/4.9/Engine/Binaries/Win64/../../../Engine/Shaders/LPVWriteVplCommon.usf" 272
"C:/Program Files/Epic Games/4.9/Engine/Binaries/Win64/../../../Engine/Shaders/LPVWriteCommon.usf" 273
"C:/Program Files/Epic Games/4.9/Engine/Binaries/Win64/../../../Engine/Shaders/ShadowDepthVertexShader.usf" 274
"C:/Program Files/Epic Games/4.9/Engine/Binaries/Win64/../../../Engine/Shaders/ShaderComplexityApplyPixelShader.usf" 275
"C:/Program Files/Epic Games/4.9/Engine/Binaries/Win64/../../../Engine/Shaders/ShaderComplexityApplyVertexShader.usf" 276
"C:/Program Files/Epic Games/4.9/Engine/Binaries/Win64/../../../Engine/Shaders/ShaderComplexityAccumulatePixelShader.usf" 277
"C:/Program Files/Epic Games/4.9/Engine/Binaries/Win64/../../../Engine/Shaders/HZBOcclusion.usf" 278
"C:/Program Files/Epic Games/4.9/Engine/Binaries/Win64/../../../Engine/Shaders/OcclusionQueryVertexShader.usf" 279
"C:/Program Files/Epic Games/4.9/Engine/Binaries/Win64/../../../Engine/Shaders/HitProxyPixelShader.usf" 280
"C:/Program Files/Epic Games/4.9/Engine/Binaries/Win64/../../../Engine/Shaders/HitProxyVertexShader.usf" 281
"C:/Program Files/Epic Games/4.9/Engine/Binaries/Win64/../../../Engine/Shaders/ReflectionEnvironmentShaders.usf" 282
"C:/Program Files/Epic Games/4.9/Engine/Binaries/Win64/../../../Engine/Shaders/ReflectionEnvironmentShared.usf" 283
"C:/Program Files/Epic Games/4.9/Engine/Binaries/Win64/../../../Engine/Shaders/SkyLightingShared.usf" 284
"C:/Program Files/Epic Games/4.9/Engine/Binaries/Win64/../../../Engine/Shaders/ReflectionEnvironmentComputeShaders.usf" 285
"C:/Program Files/Epic Games/4.9/Engine/Binaries/Win64/../../../Engine/Shaders/LightShaftShader.usf" 286
"C:/Program Files/Epic Games/4.9/Engine/Binaries/Win64/../../../Engine/Shaders/StationaryLightOverlapShaders.usf" 287
"C:/Program Files/Epic Games/4.9/Engine/Binaries/Win64/../../../Engine/Shaders/DeferredLightPixelShaders.usf" 288
"C:/Program Files/Epic Games/4.9/Engine/Binaries/Win64/../../../Engine/Shaders/DeferredLightVertexShaders.usf" 289
"C:/Program Files/Epic Games/4.9/Engine/Binaries/Win64/../../../Engine/Shaders/LPVVisualise.usf" 290
"C:/Program Files/Epic Games/4.9/Engine/Binaries/Win64/../../../Engine/Shaders/LPVGeometryVolumeCommon.usf" 291
"C:/Program Files/Epic Games/4.9/Engine/Binaries/Win64/../../../Engine/Shaders/LPVDirectLightInject.usf" 292
"C:/Program Files/Epic Games/4.9/Engine/Binaries/Win64/../../../Engine/Shaders/LPVPropagate.usf" 293
"C:/Program Files/Epic Games/4.9/Engine/Binaries/Win64/../../../Engine/Shaders/LPVPacking.usf" 294
"C:/Program Files/Epic Games/4.9/Engine/Binaries/Win64/../../../Engine/Shaders/LPVBuildGeometryVolume.usf" 295
"C:/Program Files/Epic Games/4.9/Engine/Binaries/Win64/../../../Engine/Shaders/LpvDirectionalOcclusion.usf" 296
"C:/Program Files/Epic Games/4.9/Engine/Binaries/Win64/../../../Engine/Shaders/LPVInject_AccumulateVplLists.usf" 297
"C:/Program Files/Epic Games/4.9/Engine/Binaries/Win64/../../../Engine/Shaders/LPVInject_GenerateVplLists.usf" 298
"C:/Program Files/Epic Games/4.9/Engine/Binaries/Win64/../../../Engine/Shaders/LPVClearLists.usf" 299
"C:/Program Files/Epic Games/4.9/Engine/Binaries/Win64/../../../Engine/Shaders/LPVClear.usf" 300
"C:/Program Files/Epic Games/4.9/Engine/Binaries/Win64/../../../Engine/Shaders/LightMapDensityShader.usf" 301
"C:/Program Files/Epic Games/4.9/Engine/Binaries/Win64/../../../Engine/Shaders/LightFunctionPixelShader.usf" 302
"C:/Program Files/Epic Games/4.9/Engine/Binaries/Win64/../../../Engine/Shaders/LightFunctionVertexShader.usf" 303
"C:/Program Files/Epic Games/4.9/Engine/Binaries/Win64/../../../Engine/Shaders/HeightfieldLighting.usf" 304
"C:/Program Files/Epic Games/4.9/Engine/Binaries/Win64/../../../Engine/Shaders/DistanceFieldShadowingShared.usf" 305
"C:/Program Files/Epic Games/4.9/Engine/Binaries/Win64/../../../Engine/Shaders/HdrCustomResolveShaders.usf" 306
"C:/Program Files/Epic Games/4.9/Engine/Binaries/Win64/../../../Engine/Shaders/GPUBenchmark.usf" 307
"C:/Program Files/Epic Games/4.9/Engine/Binaries/Win64/../../../Engine/Shaders/GlobalDistanceField.usf" 308
"C:/Program Files/Epic Games/4.9/Engine/Binaries/Win64/../../../Engine/Shaders/GammaCorrection.usf" 309
"C:/Program Files/Epic Games/4.9/Engine/Binaries/Win64/../../../Engine/Shaders/BasePassForForwardShadingPixelShader.usf" 310
"C:/Program Files/Epic Games/4.9/Engine/Binaries/Win64/../../../Engine/Shaders/BasePassForForwardShadingCommon.usf" 311
"C:/Program Files/Epic Games/4.9/Engine/Binaries/Win64/../../../Engine/Shaders/LightmapCommon.usf" 312
"C:/Program Files/Epic Games/4.9/Engine/Binaries/Win64/../../../Engine/Shaders/BasePassForForwardShadingVertexShader.usf" 313
"C:/Program Files/Epic Games/4.9/Engine/Binaries/Win64/../../../Engine/Shaders/HeightFogCommon.usf" 314
"C:/Program Files/Epic Games/4.9/Engine/Binaries/Win64/../../../Engine/Shaders/HeightFogPixelShader.usf" 315
"C:/Program Files/Epic Games/4.9/Engine/Binaries/Win64/../../../Engine/Shaders/HeightFogVertexShader.usf" 316
"C:/Program Files/Epic Games/4.9/Engine/Binaries/Win64/../../../Engine/Shaders/DistortAccumulatePS.usf" 317
"C:/Program Files/Epic Games/4.9/Engine/Binaries/Win64/../../../Engine/Shaders/DistortAccumulateVS.usf" 318
"C:/Program Files/Epic Games/4.9/Engine/Binaries/Win64/../../../Engine/Shaders/DistortApplyScreenPS.usf" 319
"C:/Program Files/Epic Games/4.9/Engine/Binaries/Win64/../../../Engine/Shaders/DistanceFieldSurfaceCacheLighting.usf" 320
"C:/Program Files/Epic Games/4.9/Engine/Binaries/Win64/../../../Engine/Shaders/SkyLighting.usf" 321
"C:/Program Files/Epic Games/4.9/Engine/Binaries/Win64/../../../Engine/Shaders/DistanceFieldSurfaceCacheLightingCompute.usf" 322
"C:/Program Files/Epic Games/4.9/Engine/Binaries/Win64/../../../Engine/Shaders/DistanceFieldShadowing.usf" 323
"C:/Program Files/Epic Games/4.9/Engine/Binaries/Win64/../../../Engine/Shaders/DistanceFieldScreenGridLighting.usf" 324
"C:/Program Files/Epic Games/4.9/Engine/Binaries/Win64/../../../Engine/Shaders/DistanceFieldLightingPost.usf" 325
"C:/Program Files/Epic Games/4.9/Engine/Binaries/Win64/../../../Engine/Shaders/DistanceFieldGlobalIllumination.usf" 326
"C:/Program Files/Epic Games/4.9/Engine/Binaries/Win64/../../../Engine/Shaders/DepthOnlyPixelShader.usf" 327
"C:/Program Files/Epic Games/4.9/Engine/Binaries/Win64/../../../Engine/Shaders/DepthOnlyVertexShader.usf" 328
"C:/Program Files/Epic Games/4.9/Engine/Binaries/Win64/../../../Engine/Shaders/PositionOnlyDepthVertexShader.usf" 329
"C:/Program Files/Epic Games/4.9/Engine/Binaries/Win64/../../../Engine/Shaders/DownsampleDepthPixelShader.usf" 330
"C:/Program Files/Epic Games/4.9/Engine/Binaries/Win64/../../../Engine/Shaders/EvaluateSurfelMaterial.usf" 331
"C:/Program Files/Epic Games/4.9/Engine/Binaries/Win64/../../../Engine/Shaders/ConvertToUniformMesh.usf" 332
"C:/Program Files/Epic Games/4.9/Engine/Binaries/Win64/../../../Engine/Shaders/BasePassPixelShader.usf" 333
"C:/Program Files/Epic Games/4.9/Engine/Binaries/Win64/../../../Engine/Shaders/BasePassCommon.usf" 334
"C:/Program Files/Epic Games/4.9/Engine/Binaries/Win64/../../../Engine/Shaders/ForEachLight.usf" 335
"C:/Program Files/Epic Games/4.9/Engine/Binaries/Win64/../../../Engine/Shaders/BasePassVertexShader.usf" 336
"C:/Program Files/Epic Games/4.9/Engine/Binaries/Win64/../../../Engine/Shaders/BasePassVertexCommon.usf" 337
"C:/Program Files/Epic Games/4.9/Engine/Binaries/Win64/../../../Engine/Shaders/BasePassTessellationShaders.usf" 338
"C:/Program Files/Epic Games/4.9/Engine/Binaries/Win64/../../../Engine/Shaders/AtmospherePrecompute.usf" 339
"C:/Program Files/Epic Games/4.9/Engine/Binaries/Win64/../../../Engine/Shaders/AtmospherePrecomputeCommon.usf" 340
"C:/Program Files/Epic Games/4.9/Engine/Binaries/Win64/../../../Engine/Shaders/AtmospherePrecomputeInscatter.usf" 341
"C:/Program Files/Epic Games/4.9/Engine/Binaries/Win64/../../../Engine/Shaders/AtmosphericFogShader.usf" 342
"C:/Program Files/Epic Games/4.9/Engine/Binaries/Win64/../../../Engine/Shaders/ResolveVertexShader.usf" 343
"C:/Program Files/Epic Games/4.9/Engine/Binaries/Win64/../../../Engine/Shaders/ResolvePixelShader.usf" 344
"C:/Program Files/Epic Games/4.9/Engine/Binaries/Win64/../../../Engine/Shaders/OneColorShader.usf" 345
"C:/Program Files/Epic Games/4.9/Engine/Binaries/Win64/../../../Engine/Shaders/MediaShaders.usf" 346
"C:/Program Files/Epic Games/4.9/Engine/Binaries/Win64/../../../Engine/Shaders/ClearReplacementShaders.usf" 347
"C:/Program Files/Epic Games/4.9/Engine/Binaries/Win64/../../../Engine/Shaders/SimpleElementTexture2DPreviewPixelShader.usf" 348
"C:/Program Files/Epic Games/4.9/Engine/Binaries/Win64/../../../Engine/Shaders/SimpleElementNormalMapPixelShader.usf" 349
"C:/Program Files/Epic Games/4.9/Engine/Binaries/Win64/../../../Engine/Shaders/meshpaintdilatepixelshader.usf" 350
"C:/Program Files/Epic Games/4.9/Engine/Binaries/Win64/../../../Engine/Shaders/meshpaintdilatevertexshader.usf" 351
"C:/Program Files/Epic Games/4.9/Engine/Binaries/Win64/../../../Engine/Shaders/MeshPaintPixelShader.usf" 352
"C:/Program Files/Epic Games/4.9/Engine/Binaries/Win64/../../../Engine/Shaders/MeshPaintVertexShader.usf" 353
"../../../Engine/Config/Android/AndroidEngine.ini" 354
"../../../Engine/Config/IOS/IOSEngine.ini" 355
"../../../Engine/Config/Linux/LinuxEngine.ini" 356
"C:/Users/Owner/AppData/Local/UnrealEngine/4.9/DerivedDataCache/Boot.ddc" 357
"../../../Engine/DerivedDataCache/Compressed.ddp" 358
"../../../Engine/Content/EngineFonts/Roboto.uasset" 359
"../../../Engine/Content/EngineMaterials/Widget3DPassThrough_Translucent.uasset" 360
"../../../Engine/Content/EngineMaterials/Widget3DPassThrough.uasset" 361
"../../../Engine/Content/Functions/Engine_MaterialFunctions02/Texturing/ScreenAlignedUVs.uasset" 362
"../../../Engine/Content/EngineResources/WhiteSquareTexture.uasset" 363
"../../../Engine/Content/Functions/Engine_MaterialFunctions01/Shading/PowerToRoughness.uasset" 364
"../../../Engine/Content/Functions/Engine_MaterialFunctions01/Shading/ConvertFromDiffSpec.uasset" 365
"../../../Engine/Content/EngineMaterials/WorldGridMaterial.uasset" 366
"../../../Engine/Content/Functions/Engine_MaterialFunctions01/Opacity/CameraDepthFade.uasset" 367
"../../../Engine/Content/EngineMaterials/T_Default_Material_Grid_M.uasset" 368
"../../../Engine/Content/EngineMaterials/T_Default_Material_Grid_N.uasset" 369
"../../../Engine/Content/EngineMaterials/DefaultDeferredDecalMaterial.uasset" 370
"../../../Engine/Content/EngineMaterials/DefaultDiffuse.uasset" 371
"../../../Engine/Content/EngineMaterials/DefaultLightFunctionMaterial.uasset" 372
"../../../Engine/Content/EngineMaterials/DefaultPostProcessMaterial.uasset" 373
"../../../Engine/Content/Functions/Engine_MaterialFunctions02/Utility/BreakOutFloat2Components.uasset" 374
"../../../Engine/Content/EngineResources/DefaultTexture.uasset" 375
"../../../Engine/Content/EngineMaterials/Widget3DPassThrough_Translucent_OneSided.uasset" 376
"../../../Engine/Content/EngineMaterials/Widget3DPassThrough_Opaque.uasset" 377
"../../../Engine/Content/EngineMaterials/Widget3DPassThrough_Opaque_OneSided.uasset" 378
"../../../Engine/Content/EngineMaterials/Widget3DPassThrough_Masked.uasset" 379
"../../../Engine/Content/EngineMaterials/Widget3DPassThrough_Masked_OneSided.uasset" 380
"../../../Engine/Content/EditorResources/S_Actor.uasset" 381
"C:/Users/Owner/Documents/Unreal Projects/PsychGame/Saved/Config/Windows/TemplateDefs.ini" 382
"../../../../../../Users/Owner/Documents/Unreal Projects/PsychGame/Intermediate/Config/CoalescedSourceConfigs/TemplateDefs.ini" 383
"C:/Users/Owner/Documents/Unreal Projects/PsychGame/Saved/Config/Windows/GameplayTags.ini" 384
"../../../../../../Users/Owner/Documents/Unreal Projects/PsychGame/Intermediate/Config/CoalescedSourceConfigs/GameplayTags.ini" 385
"../../../Engine/Content/Maps/Templates/Thumbnails/Default.uasset" 386
"../../../Engine/Content/EditorMaterials/ParticleSystems/PSysThumbnail_NoImage.uasset" 387
"../../../Engine/Content/EditorMaterials/ParticleSystems/PSysThumbnail_OOD.uasset" 388
"../../../Engine/Content/EditorLandscapeResources/DataLayer.uasset" 389
"../../../Engine/Content/EngineDamageTypes/DmgTypeBP_Environmental.uasset" 390
"..\..\..\Engine\Content\Internationalization\icudt53l\numberingSystems.res" 391
"..\..\..\Engine\Content\Internationalization\icudt53l\curr\supplementalData.res" 392
"..\..\..\Engine\Content\Internationalization\icudt53l\curr\pool.res" 393
"..\..\..\Engine\Content\Internationalization\icudt53l\curr\en.res" 394
"..\..\..\Engine\Content\Internationalization\icudt53l\curr\root.res" 395
"../../../Engine/Content/EngineMeshes/Sphere.uasset" 396
"../../../Engine/Content/EngineFonts/RobotoDistanceField.uasset" 397
"../../../Engine/Content/EngineMaterials/DefaultTextMaterialOpaque.uasset" 398
"../../../Engine/Content/EditorResources/S_Trigger.uasset" 399
"../../../Engine/Content/EngineResources/GradientTexture0.uasset" 400
"../../../Engine/Content/EngineResources/Black.uasset" 401
"../../../Engine/Content/EditorMaterials/MatineeGroups/MAT_Groups_Float.uasset" 402
"../../../Engine/Content/EditorMaterials/MatineeGroups/MAT_Groups_Director.uasset" 403
"../../../Engine/Content/EditorMaterials/MatineeGroups/MAT_Groups_Event.uasset" 404
"../../../Engine/Content/EditorMaterials/MatineeGroups/MAT_Groups_Anim.uasset" 405
"../../../Engine/Content/EditorMaterials/MatineeGroups/MAT_Groups_Fade.uasset" 406
"../../../Engine/Content/EditorMaterials/MatineeGroups/MAT_Groups_Move.uasset" 407
"../../../Engine/Content/EditorMaterials/MatineeGroups/MAT_Groups_Slomo.uasset" 408
"../../../Engine/Content/EditorMaterials/MatineeGroups/MAT_ColorTrack.uasset" 409
"../../../Engine/Content/EditorMaterials/MAT_Groups_Toggle.uasset" 410
"../../../Engine/Content/EditorMaterials/MatineeGroups/MAT_Groups_AudioMaster.uasset" 411
"../../../Engine/Content/EditorMaterials/MatineeGroups/MAT_Groups_Sound.uasset" 412
"../../../Engine/Content/EditorMaterials/MatineeGroups/MAT_Groups_Vector.uasset" 413
"../../../Engine/Content/EditorMaterials/MAT_Groups_Visibility.uasset" 414
"../../../Engine/Content/EngineResources/DefaultTextureCube.uasset" 415
"../../../Engine/Content/EngineSounds/Master.uasset" 416
"../../../Engine/Content/EngineSounds/Music.uasset" 417
"../../../Engine/Content/EngineSounds/SFX.uasset" 418
"../../../Engine/Content/EngineSounds/Normal_Attack.uasset" 419
"../../../Engine/Content/EngineSounds/Special_Attack_PSM.uasset" 420
"../../../Engine/Content/EngineSounds/Duck_Normal_Attack_MixMod.uasset" 421
"../../../Engine/Content/EngineSounds/Voice.uasset" 422
"../../../Engine/Content/EngineMeshes/Cylinder.uasset" 423
"../../../Engine/Content/EngineMaterials/DefaultMaterial.uasset" 424
"../../../Engine/Content/EngineTireTypes/DefaultTireType.uasset" 425
"../../../Engine/Content/Editor/Slate/Fonts/FontAwesome.ttf" 426
"../../../Engine/Content/Editor/Slate/Fonts/DroidSansMono.ttf" 427
"../../../Engine/Content/Editor/Slate/Fonts/Roboto-BoldCondensed.ttf" 428
"../../../Engine/Content/Editor/Slate/Fonts/Roboto-Black.ttf" 429
"../../../Engine/Content/Editor/Slate/Fonts/Roboto-Italic.ttf" 430
"../../../Engine/Content/Editor/Slate/Fonts/Roboto-BoldCondensedItalic.ttf" 431
"..\..\..\Engine\Content\Internationalization\icudt53l\coll\ucadata.icu" 432
"..\..\..\Engine\Content\Internationalization\icudt53l\nfc.nrm" 433
"..\..\..\Engine\Content\Internationalization\icudt53l\coll\en_US.res" 434
"..\..\..\Engine\Content\Internationalization\icudt53l\coll\en.res" 435
"..\..\..\Engine\Content\Internationalization\icudt53l\coll\root.res" 436
"../../../Engine/Content/EngineResources/AICON-Red.uasset" 437
"../../../Engine/Content/EngineResources/AICON-Green.uasset" 438
"../../../Engine/Content/Tutorial/Basics/LevelEditorAttract.uasset" 439
"../../../Engine/Content/Tutorial/ContentIntroCurve.uasset" 440
"../../../Engine/Plugins/2D/Paper2D/Content/MaskedUnlitSpriteMaterial.uasset" 441
"../../../Engine/Plugins/2D/Paper2D/Content/DefaultSpriteMaterial.uasset" 442
"../../../Engine/Plugins/2D/Paper2D/Content/DummySpriteTexture.uasset" 443
"../../../Engine/Plugins/2D/Paper2D/Content/PlaceholderTextures/DummySpriteTexture.uasset" 444
"../../../Engine/Plugins/2D/Paper2D/Content/OpaqueUnlitSpriteMaterial.uasset" 445
"../../../Engine/Plugins/2D/Paper2D/Content/DefaultPaperTerrainMaterial.uasset" 446
"../../../Engine/Plugins/2D/Paper2D/Content/DummySprite.uasset" 447
"../../../../../../Users/Owner/Documents/Unreal Projects/PsychGame/Content/MobileStarterContent/Blueprints/PsychPC_BP.uasset" 448
"../../../../../../Users/Owner/Documents/Unreal Projects/PsychGame/Content/MobileStarterContent/Blueprints/HUD.uasset" 449
"C:/Users/Owner/AppData/Local/UnrealEngine/4.9/Saved/Config/Windows/SourceControlSettings.ini" 450
"../../../../../../Users/Owner/Documents/Unreal Projects/PsychGame/Intermediate/Config/CoalescedSourceConfigs/SourceControlSettings.ini" 451
"C:/Users/Owner/Documents/Unreal Projects/PsychGame/Saved/Config/Windows/SourceControlSettings.ini" 452
"../../../Engine/Plugins/Runtime/LeapMotionController/Content/LM_CapsuleMesh.uasset" 453
"../../../Engine/Plugins/Runtime/LeapMotionController/Content/LM_TorusMesh.uasset" 454
"../../../Engine/Plugins/Runtime/LeapMotionController/Content/LM_HandColor.uasset" 455
"../../../Engine/Plugins/Runtime/LeapMotionController/Content/LM_PassthroughMaterial.uasset" 456
"../../../Engine/Plugins/Runtime/LeapMotionController/Content/LM_SampleDistortion.uasset" 457
"../../../Engine/Plugins/Runtime/LeapMotionController/Content/LM_TestTexture.uasset" 458
"../../../Engine/Content/BasicShapes/Cube.uasset" 459
"../../../Engine/Content/EngineMaterials/RemoveSurfaceMaterial.uasset" 460
"../../../Engine/Content/EngineDebugMaterials/DebugMeshMaterial.uasset" 461
"../../../Engine/Content/EngineMaterials/M_InvalidLightmapSettings.uasset" 462
"../../../Engine/Content/EngineMaterials/InvalidLightmapSettings.uasset" 463
"../../../Engine/Content/EditorMaterials/GizmoMaterial.uasset" 464
"../../../Engine/Content/EngineMaterials/Good64x64TilingNoiseHighFreq.uasset" 465
"../../../Engine/Content/EngineMaterials/DefaultBokeh.uasset" 466
"../../../Engine/Content/EngineMaterials/PreintegratedSkinBRDF.uasset" 467
"../../../Engine/Content/EngineMaterials/MiniFont.uasset" 468
"../../../Engine/Content/EngineMaterials/WeightMapPlaceholderTexture.uasset" 469
"../../../Engine/Content/EngineMaterials/DefaultWhiteGrid.uasset" 470
"../../../Engine/Content/EngineMaterials/DefaultPhysicalMaterial.uasset" 471
"../../../Engine/Content/EngineFonts/RobotoTiny.uasset" 472
"../../../../../../Users/Owner/Documents/Unreal Projects/PsychGame/Intermediate/CachedAssetRegistry.bin" 473
"../../../../../../Users/Owner/Documents/Unreal Projects/PsychGame/Content/MobileStarterContent/Maps/MenuPrompt.umap" 474
"C:/Users/Owner/Documents/Unreal Projects/PsychGame/Saved/Cooked/Android_ETC1/PsychGame/CookedIniVersion.txt" 475
"../../../Engine/Config/HTML5/HTML5Engine.ini" 476
"../../../Engine/Content/MobileResources/HUD/VirtualJoystick_Thumb.uasset" 477
"../../../Engine/Content/EditorResources/BSPVertex.uasset" 478
"../../../Engine/Content/EngineDebugMaterials/WireframeMaterial.uasset" 479
"C:/Users/Owner/AppData/Local/UnrealEngine/Common/DerivedDataCache/8/3/9/MATSM_984AFA3849534FAA8491540B994BD32E_GLSL_ES2_3857__BC5N_DEV_SL_NODBUFF7646F__5B1D2DBE4E297261A3F79C927B837DC6EB3791AF.udd" 480
"../../../Engine/Content/EngineDebugMaterials/GeomMaterial.uasset" 481
"C:/Users/Owner/AppData/Local/UnrealEngine/Common/DerivedDataCache/0/4/2/MATSM_984AFA3849534FAA8491540B994BD32E_GLSL_ES2_3857__BC5N_DEV_SL_NODBUFE7AF19__B1E97EEDF49BB0CF071BA9CC9D9E99F0FEE64CBA.udd" 482
"../../../Engine/Content/EngineDebugMaterials/LevelColorationLitMaterial.uasset" 483
"C:/Users/Owner/AppData/Local/UnrealEngine/Common/DerivedDataCache/8/5/3/MATSM_984AFA3849534FAA8491540B994BD32E_GLSL_ES2_3857__BC5N_DEV_SL_NODBUFEB6949__F71F349D3E7889DDB099744A36363549EB416D3A.udd" 484
"../../../Engine/Content/EngineDebugMaterials/LevelColorationUnlitMaterial.uasset" 485
"C:/Users/Owner/AppData/Local/UnrealEngine/Common/DerivedDataCache/9/1/8/MATSM_984AFA3849534FAA8491540B994BD32E_GLSL_ES2_3857__BC5N_DEV_SL_NODBUF0050C5__4D20BACDA6694D31D68BC2DC07172E6DAA164953.udd" 486
"../../../Engine/Content/EngineDebugMaterials/MAT_LevelColorationLitLightmapUV.uasset" 487
"../../../Engine/Content/EngineDebugMaterials/ShadedLevelColorationLitMaterial.uasset" 488
"C:/Users/Owner/AppData/Local/UnrealEngine/Common/DerivedDataCache/0/9/4/MATSM_984AFA3849534FAA8491540B994BD32E_GLSL_ES2_3857__BC5N_DEV_SL_NODBUFD13C5D__70B1C03C0F77C9D248DCF3B941A7FE35EF1950B1.udd" 489
"../../../Engine/Content/EngineDebugMaterials/ShadedLevelColorationUnlitMateri.uasset" 490
"C:/Users/Owner/AppData/Local/UnrealEngine/Common/DerivedDataCache/0/4/1/MATSM_984AFA3849534FAA8491540B994BD32E_GLSL_ES2_3857__BC5N_DEV_SL_NODBUF2DF009__706F9B82A1E091A19DA556C19C797C8C52B66B51.udd" 491
"../../../Engine/Content/EngineDebugMaterials/VertexColorMaterial.uasset" 492
"C:/Users/Owner/AppData/Local/UnrealEngine/Common/DerivedDataCache/1/6/2/MATSM_984AFA3849534FAA8491540B994BD32E_GLSL_ES2_3857__BC5N_DEV_SL_NODBUF06C18A__64B83437BD4ABFAB03D6CF2D3163BFB27E175AC3.udd" 493
"../../../Engine/Content/EngineDebugMaterials/VertexColorViewMode_ColorOnly.uasset" 494
"C:/Users/Owner/AppData/Local/UnrealEngine/Common/DerivedDataCache/1/3/5/MATSM_984AFA3849534FAA8491540B994BD32E_GLSL_ES2_3857__BC5N_DEV_SL_NODBUF9E7836__11F0BEFB71F5072F3B8FC8C9CF4DCF545854B2D5.udd" 495
"../../../Engine/Content/EngineDebugMaterials/VertexColorViewMode_AlphaAsColor.uasset" 496
"C:/Users/Owner/AppData/Local/UnrealEngine/Common/DerivedDataCache/4/6/0/MATSM_984AFA3849534FAA8491540B994BD32E_GLSL_ES2_3857__BC5N_DEV_SL_NODBUFE13ECC__8320062BBB0DDD1BE84F2034CC5EA764A38F8D04.udd" 497
"../../../Engine/Content/EngineDebugMaterials/VertexColorViewMode_RedOnly.uasset" 498
"C:/Users/Owner/AppData/Local/UnrealEngine/Common/DerivedDataCache/9/5/5/MATSM_984AFA3849534FAA8491540B994BD32E_GLSL_ES2_3857__BC5N_DEV_SL_NODBUFE99ECB__AB70BCEB25EDEE30A405B92AE70C615B8FA70F32.udd" 499
"../../../Engine/Content/EngineDebugMaterials/VertexColorViewMode_GreenOnly.uasset" 500
"C:/Users/Owner/AppData/Local/UnrealEngine/Common/DerivedDataCache/4/9/0/MATSM_984AFA3849534FAA8491540B994BD32E_GLSL_ES2_3857__BC5N_DEV_SL_NODBUF086D49__006DEED513CCB4C200BD7C79C7F34BDEABA46C56.udd" 501
"../../../Engine/Content/EngineDebugMaterials/VertexColorViewMode_BlueOnly.uasset" 502
"C:/Users/Owner/AppData/Local/UnrealEngine/Common/DerivedDataCache/3/2/1/MATSM_984AFA3849534FAA8491540B994BD32E_GLSL_ES2_3857__BC5N_DEV_SL_NODBUF07B1E5__6949B08F297EE0054F9A1C15F52C0330E652F950.udd" 503
"../../../Engine/Content/EngineDebugMaterials/BoneWeightMaterial.uasset" 504
"../../../Engine/Content/EngineDebugMaterials/HeatmapGradient.uasset" 505
"C:/Users/Owner/AppData/Local/UnrealEngine/Common/DerivedDataCache/1/9/0/MATSM_984AFA3849534FAA8491540B994BD32E_GLSL_ES2_3857__BC5N_DEV_SL_NODBUF32DBCB__AAF62BEFA305B975130F1814D7D568CC8A782255.udd" 506
"../../../Engine/Content/EditorMaterials/PhAT_JointLimitMaterial.uasset" 507
"C:/Users/Owner/AppData/Local/UnrealEngine/Common/DerivedDataCache/5/8/7/MATSM_984AFA3849534FAA8491540B994BD32E_GLSL_ES2_3857__BC5N_DEV_SL_NODBUFCA0E6D__27B358581121AC551B119CCB1EF9CE61351A7C67.udd" 508
"../../../Engine/Content/EditorMaterials/PreviewShadowIndicatorMaterial.uasset" 509
"../../../Engine/Content/EditorMaterials/PreviewShadowIndicator.uasset" 510
"../../../Engine/Content/EngineMaterials/EditorBrushMaterial.uasset" 511
"C:/Users/Owner/AppData/Local/UnrealEngine/Common/DerivedDataCache/2/0/5/MATSM_984AFA3849534FAA8491540B994BD32E_GLSL_ES2_3857__BC5N_DEV_SL_NODBUFBA2C52__7F58FBA10FA62DD62E0805AFC87A984D058801E5.udd" 512
"../../../Engine/Content/EditorMeshes/ColorCalibrator/SM_ColorCalibrator.uasset" 513
"../../../Engine/Content/EditorMeshes/ColorCalibrator/M_ChromeBall.uasset" 514
"../../../Engine/Content/EditorMeshes/ColorCalibrator/M_ClearCoat.uasset" 515
"../../../Engine/Content/EditorMeshes/ColorCalibrator/M_ClearCoatBlack.uasset" 516
"../../../Engine/Content/EditorMeshes/ColorCalibrator/M_ColorGrid.uasset" 517
"../../../Engine/Content/EditorMeshes/ColorCalibrator/T_ColorGrid.uasset" 518
"../../../Engine/Content/EditorMeshes/ColorCalibrator/M_GreyBall.uasset" 519
"C:/Users/Owner/AppData/Local/UnrealEngine/Common/DerivedDataCache/7/8/1/MATSM_984AFA3849534FAA8491540B994BD32E_GLSL_ES2_3857__BC5N_DEV_SL_NODBUFE7FC03__B36F2D4E8BA2E5C6D0C52315A3F3FB21A0C5F76B.udd" 520
"C:/Users/Owner/AppData/Local/UnrealEngine/Common/DerivedDataCache/7/2/4/MATSM_984AFA3849534FAA8491540B994BD32E_GLSL_ES2_3857__BC5N_DEV_SL_NODBUFCA17AC__FD0331F39F34A6E40D0128BF2C0C68EAF46BE58F.udd" 521
"C:/Users/Owner/AppData/Local/UnrealEngine/Common/DerivedDataCache/6/8/2/MATSM_984AFA3849534FAA8491540B994BD32E_GLSL_ES2_3857__BC5N_DEV_SL_NODBUFC9EC73__36990DA900942D7F1F7176F92852D125B3CBEC9E.udd" 522
"C:/Users/Owner/AppData/Local/UnrealEngine/Common/DerivedDataCache/1/7/0/MATSM_984AFA3849534FAA8491540B994BD32E_GLSL_ES2_3857__BC5N_DEV_SL_NODBUFECFD70__3E904192939203B550C6383BF937271AAB2D4C5F.udd" 523
"C:/Users/Owner/AppData/Local/UnrealEngine/Common/DerivedDataCache/2/8/5/MATSM_984AFA3849534FAA8491540B994BD32E_GLSL_ES2_3857__BC5N_DEV_SL_NODBUF7DD52D__EF47103AF09EBDEBC39B66AAF6A13033D23C511E.udd" 524
"../../../../../../Users/Owner/Documents/Unreal Projects/PsychGame/Content/MobileStarterContent/Blueprints/NewTouchInterface.uasset" 525
"../../../Engine/Content/Tutorial/BlueprintTutorials/TutorialAssets/Blueprint_64x.uasset" 526
"../../../Engine/Content/Tutorial/SubEditors/TutorialAssets/icon_Editor_Preferences_General_40x.uasset" 527
"../../../Engine/Content/Tutorial/Paper2D/TutorialAssets/Paper2DSprite_TutorialIcon.uasset" 528
"../../../Engine/Content/Tutorial/SubEditors/TutorialAssets/icon_ShowSkeletalMeshes_40x.uasset" 529
"../../../Engine/Content/Tutorial/Landscape/TutorialAssets/Landscape.uasset" 530
"../../../Engine/Content/Tutorial/Foliage/TutorialAssets/Foliage.uasset" 531
"../../../Engine/Content/Tutorial/SubEditors/StaticMeshEditorTutorial.uasset" 532
"../../../Engine/Content/EngineMeshes/Cube.uasset" 533
"../../../Engine/Content/Tutorial/Basics/LevelEditorOverview.uasset" 534
"../../../Engine/Content/Tutorial/Basics/TutorialAssets/icon_tab_Levels_40x.uasset" 535
"../../../Engine/Content/Tutorial/BlueprintTutorials/BlueprintEditorTutorial.uasset" 536
"../../../Engine/Content/Tutorial/BlueprintTutorials/BlueprintMacroLibrariesEditorOverview.uasset" 537
"../../../Engine/Content/Tutorial/BlueprintTutorials/TutorialAssets/BlueprintMacroLibrary_64x.uasset" 538
"../../../Engine/Content/Tutorial/BlueprintTutorials/TutorialAssets/Tutorial_BP_MacroLib.uasset" 539
"../../../Engine/Content/Tutorial/BlueprintTutorials/BlueprintInterfacesEditorOverview.uasset" 540
"../../../Engine/Content/Tutorial/BlueprintTutorials/TutorialAssets/BlueprintInterface_64x.uasset" 541
"../../../Engine/Content/Tutorial/BlueprintTutorials/TutorialAssets/Tutorial_BP_Interface.uasset" 542
"../../../Engine/Content/Tutorial/BlueprintTutorials/LevelBlueprintEditorOverview.uasset" 543
"../../../Engine/Content/Tutorial/SubEditors/DestructibleMeshEditorTutorial.uasset" 544
"../../../Engine/Content/Tutorial/SubEditors/TutorialAssets/Tutorial_DM.uasset" 545
"../../../Engine/Content/EditorMeshes/EditorCube.uasset" 546
"../../../Engine/Content/Tutorial/SubEditors/MaterialEditorTutorial.uasset" 547
"../../../Engine/Content/Tutorial/SubEditors/TutorialAssets/TutorialMaterial.uasset" 548
"C:/Users/Owner/AppData/Local/UnrealEngine/Common/DerivedDataCache/5/4/2/MATSM_984AFA3849534FAA8491540B994BD32E_GLSL_ES2_3857__BC5N_DEV_SL_NODBUFD4CBC3__70912F6701C5F3F7000313FBD35879C8B48F64C1.udd" 549
"../../../Engine/Content/Tutorial/SubEditors/ParticleSystemEditorTutorial.uasset" 550
"../../../Engine/Content/Tutorial/SubEditors/TutorialAssets/TutorialParticleSystem.uasset" 551
"../../../Engine/Content/Tutorial/SubEditors/TutorialAssets/M_smoke_subUV_blackbody.uasset" 552
"../../../Engine/Content/Tutorial/SubEditors/TutorialAssets/T_SmokeSubUV_8X8.uasset" 553
"../../../Engine/Content/Tutorial/SubEditors/TutorialAssets/T_soft_smoke.uasset" 554
"C:/Users/Owner/AppData/Local/UnrealEngine/Common/DerivedDataCache/4/9/1/MATSM_984AFA3849534FAA8491540B994BD32E_GLSL_ES2_3857__BC5N_DEV_SL_NODBUF81623A__D5D456B1AF01B117B27BF5E21530FAA2458AEA27.udd" 555
"../../../Engine/Content/Tutorial/SubEditors/PersonaAnimEditorTutorial.uasset" 556
"../../../Engine/Content/Tutorial/SubEditors/PersonaAnimEditorWalkthrough.uasset" 557
"../../../Engine/Content/Tutorial/SubEditors/TutorialAssets/Character/NewBlendSpace1D.uasset" 558
"../../../Engine/Content/Tutorial/SubEditors/TutorialAssets/Character/Tutorial_Idle.uasset" 559
"../../../Engine/Content/Tutorial/SubEditors/TutorialAssets/Character/TutorialTPP_Skeleton.uasset" 560
"../../../Engine/Content/Tutorial/SubEditors/TutorialAssets/Character/Tutorial_Walk_Fwd.uasset" 561
"../../../Engine/Content/Tutorial/SubEditors/TutorialAssets/Character/TutorialTPP.uasset" 562
"../../../Engine/Content/Tutorial/SubEditors/TutorialAssets/Character/TutorialTPP_Mat.uasset" 563
"../../../Engine/Content/Tutorial/SubEditors/TutorialAssets/Character/TutorialTPP_PhysicsAsset.uasset" 564
"C:/Users/Owner/AppData/Local/UnrealEngine/Common/DerivedDataCache/7/4/0/MATSM_984AFA3849534FAA8491540B994BD32E_GLSL_ES2_3857__BC5N_DEV_SL_NODBUF9F95EF__C4A104FD8DF3A0F766025BB4154147B51100C74B.udd" 565
"../../../Engine/Content/Tutorial/SubEditors/PersonaAnimBlueprintEditorWalkthrough.uasset" 566
"../../../Engine/Content/Tutorial/SubEditors/TutorialAssets/Character/TutorialTPP_AnimBlueprint.uasset" 567
"../../../Engine/Content/EditorBlueprintResources/StandardMacros.uasset" 568
"../../../Engine/Content/Tutorial/SubEditors/TutorialAssets/Character/TutorialCharacter.uasset" 569
"../../../Engine/Content/Tutorial/Paper2D/SpriteEditorTutorial.uasset" 570
"../../../Engine/Content/Tutorial/Paper2D/FlipbookEditorTutorial.uasset" 571
"../../../Engine/Content/Tutorial/Paper2D/TutorialAssets/Paper2DFlipbook_TutorialIcon.uasset" 572
"../../../Engine/Content/Tutorial/Landscape/Landscape_Manage_Mode.uasset" 573
"../../../Engine/Content/Tutorial/Landscape/Landscape_Sculpt_Mode.uasset" 574
"../../../Engine/Content/Tutorial/Landscape/Landscape_Painting_Mode.uasset" 575
"../../../Engine/Content/Tutorial/Foliage/Foliage_Intro_Tutorial.uasset" 576
"../../../Engine/Content/Tutorial/Foliage/Foliage_Using_The_Tool_Tutorial.uasset" 577
"../../../Engine/Content/Tutorial/Foliage/Foliage_Settings_Tutorial.uasset" 578
"C:/Users/Owner/AppData/Local/UnrealEngine/Common/DerivedDataCache/2/6/6/TEXTURE_814DCC3DC72143F49509781513CB9855_AUTOETC1_C45F0F7D439FAD52041B1EBC5A8A__D70A1D3B2335C1EE12B39BC408FA4D616AD2FFF5.udd" 579
"C:/Users/Owner/AppData/Local/UnrealEngine/Common/DerivedDataCache/8/3/8/TEXTURE_814DCC3DC72143F49509781513CB9855_AUTOETC1_FDD461EC4EDF5F99C659709B7A42__C8B2C65C1BA487E3720800B582FB10D024F07834.udd" 580
"C:/Users/Owner/AppData/Local/UnrealEngine/Common/DerivedDataCache/4/0/3/TEXTURE_814DCC3DC72143F49509781513CB9855_AUTOETC1_FDD461EC4EDF5F99C659709B7A42__19EA3428432418391095AD44132692F2B38BD2F4.udd" 581
"C:/Users/Owner/AppData/Local/UnrealEngine/Common/DerivedDataCache/6/4/7/TEXTURE_814DCC3DC72143F49509781513CB9855_AUTOETC1_FDD461EC4EDF5F99C659709B7A42__6473E285F185AD6E4A8DC9C4F54ECD5C549CDD28.udd" 582
"C:/Users/Owner/AppData/Local/UnrealEngine/Common/DerivedDataCache/9/4/7/TEXTURE_814DCC3DC72143F49509781513CB9855_AUTOETC1_FDD461EC4EDF5F99C659709B7A42__C76E0181F463119C7FE9FA0FAE20677FF9FCF519.udd" 583
"C:/Users/Owner/AppData/Local/UnrealEngine/Common/DerivedDataCache/4/9/2/TEXTURE_814DCC3DC72143F49509781513CB9855_AUTOETC1_565E0359430950FA252A118AF852__47DDF168A03789F62D431F2E0EE2547CB04064DB.udd" 584
"C:/Users/Owner/AppData/Local/UnrealEngine/Common/DerivedDataCache/0/2/2/TEXTURE_814DCC3DC72143F49509781513CB9855_AUTOETC1_565E0359430950FA252A118AF852__8EC7AA032E4C03BBD00D6F2854B72A30BB196CFA.udd" 585
"C:/Users/Owner/AppData/Local/UnrealEngine/Common/DerivedDataCache/3/0/6/TEXTURE_814DCC3DC72143F49509781513CB9855_AUTOETC1_565E0359430950FA252A118AF852__3CDCC7A028AA2DD31E2654D62E4CB3C7A024ED83.udd" 586
"C:/Users/Owner/AppData/Local/UnrealEngine/Common/DerivedDataCache/7/0/6/TEXTURE_814DCC3DC72143F49509781513CB9855_AUTOETC1_B21C1AFF42ACD5ADC8C382B3A090__73E9513DEF1A5092C629AB2EDC81757945065356.udd" 587
"C:/Users/Owner/AppData/Local/UnrealEngine/Common/DerivedDataCache/9/7/2/TEXTURE_814DCC3DC72143F49509781513CB9855_AUTOETC1_B21C1AFF42ACD5ADC8C382B3A090__35B28E40AA36AED6F18912E02B7C47E3729B4878.udd" 588
"C:/Users/Owner/AppData/Local/UnrealEngine/Common/DerivedDataCache/5/0/0/TEXTURE_814DCC3DC72143F49509781513CB9855_AUTOETC1_B21C1AFF42ACD5ADC8C382B3A090__D09FC154CB43670D5B5413A68DE48FD2A0936D7B.udd" 589
"C:/Users/Owner/AppData/Local/UnrealEngine/Common/DerivedDataCache/0/7/8/TEXTURE_814DCC3DC72143F49509781513CB9855_AUTOETC1_B21C1AFF42ACD5ADC8C382B3A090__4D323874B4BA3FB581A7B089BDC848D8EE046D70.udd" 590
"C:/Users/Owner/AppData/Local/UnrealEngine/Common/DerivedDataCache/1/1/8/TEXTURE_814DCC3DC72143F49509781513CB9855_AUTOETC1_B21C1AFF42ACD5ADC8C382B3A090__E488BD79ECAB7FAFDE59C6A95E6BA28D81D1A567.udd" 591
"C:/Users/Owner/AppData/Local/UnrealEngine/Common/DerivedDataCache/2/6/5/TEXTURE_814DCC3DC72143F49509781513CB9855_ETC1_15564967414184874DBCB89C44D5959C__F181D193C1836F7B4D89D3B7424ABEA433F1B8AD.udd" 592
"C:/Users/Owner/AppData/Local/UnrealEngine/Common/DerivedDataCache/2/8/3/TEXTURE_814DCC3DC72143F49509781513CB9855_ETC1_15564967414184874DBCB89C44D5959C__D639EA1A4A8E021BA2FC650D98746C5DF6E56DB7.udd" 593
"C:/Users/Owner/AppData/Local/UnrealEngine/Common/DerivedDataCache/9/6/9/TEXTURE_814DCC3DC72143F49509781513CB9855_AUTOETC1_55809E694EE7DB292235CC917A5C__B6F822935B2F0FED152AC31CB845D812CD80930A.udd" 594
"C:/Users/Owner/AppData/Local/UnrealEngine/Common/DerivedDataCache/3/0/3/TEXTURE_814DCC3DC72143F49509781513CB9855_AUTOETC1_55809E694EE7DB292235CC917A5C__2220EA14812A4680C1DE26E5041E779ED23B8418.udd" 595
"C:/Users/Owner/AppData/Local/UnrealEngine/Common/DerivedDataCache/9/2/1/TEXTURE_814DCC3DC72143F49509781513CB9855_AUTOETC1_55809E694EE7DB292235CC917A5C__C2D68B3D30837ED56C8F3B06A26D3F9C8D36DB0A.udd" 596
"C:/Users/Owner/AppData/Local/UnrealEngine/Common/DerivedDataCache/1/5/1/TEXTURE_814DCC3DC72143F49509781513CB9855_AUTOETC1_7BC0404946D77A8C093A10AE0677__80810EF16269804675B5137E682BE563649CD249.udd" 597
"C:/Users/Owner/AppData/Local/UnrealEngine/Common/DerivedDataCache/5/4/0/TEXTURE_814DCC3DC72143F49509781513CB9855_AUTOETC1_7BC0404946D77A8C093A10AE0677__262B0F33E6004ABD62E4A40B67EF4DC0693DFDAB.udd" 598
"C:/Users/Owner/AppData/Local/UnrealEngine/Common/DerivedDataCache/1/7/9/TEXTURE_814DCC3DC72143F49509781513CB9855_AUTOETC1_1EC0B18B47E75959952584B5D8D9__3B99657ABE8CCB80A17BC0EDA79809F9851372F5.udd" 599
"C:/Users/Owner/AppData/Local/UnrealEngine/Common/DerivedDataCache/7/9/7/TEXTURE_814DCC3DC72143F49509781513CB9855_AUTOETC1_3D7D3365419CADDBF5E531B12CF1__A65A9AD2572A8898DF7083896F97424138824265.udd" 600
"C:/Users/Owner/AppData/Local/UnrealEngine/Common/DerivedDataCache/2/5/0/TEXTURE_814DCC3DC72143F49509781513CB9855_AUTOETC1_3CAC1F094FB87A98E53D7D8A2464__11F17F4AFE525C958306D6EB1AE3CDDD5B6C976D.udd" 601
"C:/Users/Owner/AppData/Local/UnrealEngine/Common/DerivedDataCache/4/7/2/TEXTURE_814DCC3DC72143F49509781513CB9855_AUTOETC1_33CBEF834D7D60ED9D58E5940B7B__667CFEF6008FB5FE91D013D1914BEDF59918D273.udd" 602
"C:/Users/Owner/AppData/Local/UnrealEngine/Common/DerivedDataCache/9/7/3/TEXTURE_814DCC3DC72143F49509781513CB9855_AUTOETC1_CBF5B13548AB62E6A9ADA387D1FE__F71A258E05ABB167EB02D5C9A22EFDE9E3A9CF81.udd" 603
"C:/Users/Owner/AppData/Local/UnrealEngine/Common/DerivedDataCache/1/2/0/TEXTURE_814DCC3DC72143F49509781513CB9855_AUTOETC1_E38B68B34F759D23C6E5CD925E4D__EB951DF5A3DE1A93CBF566895B50594BEAFADF28.udd" 604
"C:/Users/Owner/AppData/Local/UnrealEngine/Common/DerivedDataCache/9/9/4/TEXTURE_814DCC3DC72143F49509781513CB9855_AUTOETC1_E55F8197440DD2855E7F4D9816C8__3FF7C93E035F68C82BF95A9B21A379B6D2E9CBF2.udd" 605
"C:/Users/Owner/AppData/Local/UnrealEngine/Common/DerivedDataCache/7/4/5/TEXTURE_814DCC3DC72143F49509781513CB9855_AUTOETC1_A6C0C4B74D09BE1A7E2C31B7CA77__84CA448C96071B985EB8A784D7975237DA5C8CF5.udd" 606
"C:/Users/Owner/AppData/Local/UnrealEngine/Common/DerivedDataCache/8/1/3/TEXTURE_814DCC3DC72143F49509781513CB9855_AUTOETC1_7D98C11E41884B4A67A497A07B02__44C003669667EF769DC2427B7AF261271ABC4461.udd" 607
"C:/Users/Owner/AppData/Local/UnrealEngine/Common/DerivedDataCache/3/7/2/TEXTURE_814DCC3DC72143F49509781513CB9855_AUTOETC1_74A80EB64112E46096AE17A812C2__977868BB8B9171E9423A364857926E61F5753E71.udd" 608
"C:/Users/Owner/AppData/Local/UnrealEngine/Common/DerivedDataCache/2/8/1/TEXTURE_814DCC3DC72143F49509781513CB9855_AUTOETC1_264ABDF14257816FFA9477A6F6A1__784B23D5DF75369AEC310988ACCAE1B443463AFC.udd" 609
"C:/Users/Owner/AppData/Local/UnrealEngine/Common/DerivedDataCache/1/2/0/TEXTURE_814DCC3DC72143F49509781513CB9855_AUTOETC1_025102BB43BBEAC3F07578891938__F3343506669D61017C91AAA12B449FDB45E5C338.udd" 610
"C:/Users/Owner/AppData/Local/UnrealEngine/Common/DerivedDataCache/7/7/2/TEXTURE_814DCC3DC72143F49509781513CB9855_AUTOETC1_C55865344733442FBAD7D29E0B65__372F48D3D7135B225E36DC983E15196133E48FD2.udd" 611
"C:/Users/Owner/AppData/Local/UnrealEngine/Common/DerivedDataCache/4/1/8/TEXTURE_814DCC3DC72143F49509781513CB9855_AUTOETC1_6A6029554EC6CEDCFFC9E0836D46__557F9EB7EE5FB69FC5FE408311C94B8135BCE13A.udd" 612
"C:/Users/Owner/AppData/Local/UnrealEngine/Common/DerivedDataCache/4/7/0/TEXTURE_814DCC3DC72143F49509781513CB9855_ETC1_C349D2FA2A30FC1134357D3272F2DC90__4231A3D6757BBDC8CA3D4984667DB578E2D0C097.udd" 613
"C:/Users/Owner/AppData/Local/UnrealEngine/Common/DerivedDataCache/6/6/7/TEXTURE_814DCC3DC72143F49509781513CB9855_AUTOETC1_09053A42486F57C671A2B9B0F627__F613C97CCF19C16E1ABA505EF0F79D3432D8B42E.udd" 614
"C:/Users/Owner/AppData/Local/UnrealEngine/Common/DerivedDataCache/4/2/5/TEXTURE_814DCC3DC72143F49509781513CB9855_AUTOETC1_B07BB94C4024838454154883B787__732C88388C05AC238D6E9B9C76CA627331A27C11.udd" 615
"C:/Users/Owner/AppData/Local/UnrealEngine/Common/DerivedDataCache/2/8/3/TEXTURE_814DCC3DC72143F49509781513CB9855_AUTOETC1_584A79B6465982423406428F0D77__13B45E301D3369C33C1B4FFEAE67BA250077E01E.udd" 616
"C:/Users/Owner/AppData/Local/UnrealEngine/Common/DerivedDataCache/1/7/7/TEXTURE_814DCC3DC72143F49509781513CB9855_AUTOETC1_584A79B6465982423406428F0D77__BDA2BD6F1B52CCA4931B668FF6FA755A23C6BFE4.udd" 617
"C:/Users/Owner/AppData/Local/UnrealEngine/Common/DerivedDataCache/7/2/4/TEXTURE_814DCC3DC72143F49509781513CB9855_AUTOETC1_F5B300EB4E4ACA2755332398BF63__297C070DDE8F7FF7257B1B0AFC4D321DC8C6A76F.udd" 618
"C:/Users/Owner/AppData/Local/UnrealEngine/Common/DerivedDataCache/0/0/1/TEXTURE_814DCC3DC72143F49509781513CB9855_AUTOETC1_2C8A101D47D0C7AC5EFF01B747F2__C3B8A8B268200822C45CDC6415105668DE3C4EDA.udd" 619
"C:/Users/Owner/AppData/Local/UnrealEngine/Common/DerivedDataCache/0/4/1/TEXTURE_814DCC3DC72143F49509781513CB9855_AUTOETC1_2C8A101D47D0C7AC5EFF01B747F2__9087B17C71CE5AAD606682868FAC7547DC48F95C.udd" 620
"C:/Users/Owner/AppData/Local/UnrealEngine/Common/DerivedDataCache/7/3/9/TEXTURE_814DCC3DC72143F49509781513CB9855_AUTOETC1_2C8A101D47D0C7AC5EFF01B747F2__79676ED14F31D565B7B75346BD20C98FE2C75B87.udd" 621
"C:/Users/Owner/AppData/Local/UnrealEngine/Common/DerivedDataCache/9/0/6/TEXTURE_814DCC3DC72143F49509781513CB9855_AUTOETC1_2C8A101D47D0C7AC5EFF01B747F2__21725D62D49E23AD972B3B28066D5EDAE15FC4A1.udd" 622
"C:/Users/Owner/AppData/Local/UnrealEngine/Common/DerivedDataCache/1/2/3/TEXTURE_814DCC3DC72143F49509781513CB9855_AUTOETC1_5075C5404C9665C57F66B49F2C5D__FA6B9CB67A3B9E6CFA8A11F35CCF4CBC103241C7.udd" 623
"C:/Users/Owner/AppData/Local/UnrealEngine/Common/DerivedDataCache/8/0/5/TEXTURE_814DCC3DC72143F49509781513CB9855_AUTOETC1_5075C5404C9665C57F66B49F2C5D__2FC8C6DF9CC9CA632BCF8D7740DC5D7543E3C174.udd" 624
"C:/Users/Owner/AppData/Local/UnrealEngine/Common/DerivedDataCache/3/2/1/TEXTURE_814DCC3DC72143F49509781513CB9855_AUTOETC1_5075C5404C9665C57F66B49F2C5D__25157AE026C48BA8C733E8DFABF17919BA65CA74.udd" 625
"C:/Users/Owner/AppData/Local/UnrealEngine/Common/DerivedDataCache/2/5/5/TEXTURE_814DCC3DC72143F49509781513CB9855_AUTOETC1_5075C5404C9665C57F66B49F2C5D__1F738BD666421D1FBB0FAF3B6CF4A871631097D3.udd" 626
"C:/Users/Owner/AppData/Local/UnrealEngine/Common/DerivedDataCache/3/3/4/TEXTURE_814DCC3DC72143F49509781513CB9855_AUTOETC1_B1F6A23D46761DA1743FBE984F9E__919788CAE17711C81A985EA6EA2CE2D6BA423C01.udd" 627
"C:/Users/Owner/AppData/Local/UnrealEngine/Common/DerivedDataCache/0/4/0/TEXTURE_814DCC3DC72143F49509781513CB9855_AUTOETC1_95D01D314436990422EF30A4E4FA__F80B9955E93ED4A60A294D3BC305ACB43F70A521.udd" 628
"C:/Users/Owner/AppData/Local/UnrealEngine/Common/DerivedDataCache/1/6/0/TEXTURE_814DCC3DC72143F49509781513CB9855_AUTOETC1_95D01D314436990422EF30A4E4FA__C09BC3A9B0D2DF0C378C328F59C00CED1DAA401F.udd" 629
"C:/Users/Owner/AppData/Local/UnrealEngine/Common/DerivedDataCache/0/9/6/TEXTURE_814DCC3DC72143F49509781513CB9855_AUTOETC1_6A00F1654C244F95E8B15E9A15BE__6A687B3F117203635CC82CABD2199DE2A112754F.udd" 630
"C:/Users/Owner/AppData/Local/UnrealEngine/Common/DerivedDataCache/2/4/1/TEXTURE_814DCC3DC72143F49509781513CB9855_AUTOETC1_A5E28525480F8268BF36ABA7EBDF__D0C4BC60F31DCD3DA4D4792D74D43DF0A29A50BF.udd" 631
"C:/Users/Owner/AppData/Local/UnrealEngine/Common/DerivedDataCache/3/6/3/TEXTURE_814DCC3DC72143F49509781513CB9855_AUTOETC1_A5E28525480F8268BF36ABA7EBDF__E8D340F017AAEA3894B107603D947E44593091D4.udd" 632
"C:/Users/Owner/AppData/Local/UnrealEngine/Common/DerivedDataCache/0/4/4/TEXTURE_814DCC3DC72143F49509781513CB9855_AUTOETC1_A5E28525480F8268BF36ABA7EBDF__5C08348D567090A0FD1FA9F5B78B4BB31BD8BFC8.udd" 633
"C:/Users/Owner/AppData/Local/UnrealEngine/Common/DerivedDataCache/9/0/4/TEXTURE_814DCC3DC72143F49509781513CB9855_AUTOETC1_A5E28525480F8268BF36ABA7EBDF__A2C544526F565A37D5759A7E98704C1508DC0CFF.udd" 634
"C:/Users/Owner/AppData/Local/UnrealEngine/Common/DerivedDataCache/1/3/8/TEXTURE_814DCC3DC72143F49509781513CB9855_ETC1_A1C52E6A43A1109B0752B4B5980EA23D__E66C4786213BB04A1F392202AAB98D55FA65D32A.udd" 635
"C:/Users/Owner/AppData/Local/UnrealEngine/Common/DerivedDataCache/5/5/3/TEXTURE_814DCC3DC72143F49509781513CB9855_ETC1_A1C52E6A43A1109B0752B4B5980EA23D__5232B3149F96501E8F17AA888BEFFA029B0A86C7.udd" 636
"C:/Users/Owner/AppData/Local/UnrealEngine/Common/DerivedDataCache/1/7/9/TEXTURE_814DCC3DC72143F49509781513CB9855_ETC1_A1C52E6A43A1109B0752B4B5980EA23D__70E905FB9F2EA7F704C5BD99FAAA6ACAEE5DD15B.udd" 637
"C:/Users/Owner/AppData/Local/UnrealEngine/Common/DerivedDataCache/4/1/3/TEXTURE_814DCC3DC72143F49509781513CB9855_ETC1_A1C52E6A43A1109B0752B4B5980EA23D__E0A09DCE8E3296DAC0AC366BDF2FFAF4319F6D0C.udd" 638
"C:/Users/Owner/AppData/Local/UnrealEngine/Common/DerivedDataCache/3/0/6/TEXTURE_814DCC3DC72143F49509781513CB9855_AUTOETC1_3648AA2A4A658DE90371B081D8DC__C41C0CA21DF7F2DD487E711B546A34DD806B40EC.udd" 639
"C:/Users/Owner/AppData/Local/UnrealEngine/Common/DerivedDataCache/4/4/1/TEXTURE_814DCC3DC72143F49509781513CB9855_AUTOETC1_3648AA2A4A658DE90371B081D8DC__F732A41DBAB5986B67104D00F2BC2D1D748EE96E.udd" 640
"C:/Users/Owner/AppData/Local/UnrealEngine/Common/DerivedDataCache/8/9/4/TEXTURE_814DCC3DC72143F49509781513CB9855_AUTOETC1_3648AA2A4A658DE90371B081D8DC__07AE8E619EDEC8F5E52A7F140A49B3EE19041097.udd" 641
"C:/Users/Owner/AppData/Local/UnrealEngine/Common/DerivedDataCache/8/2/4/TEXTURE_814DCC3DC72143F49509781513CB9855_AUTOETC1_3648AA2A4A658DE90371B081D8DC__2FAA2145D18B43083ABCA1139FC1B477FCA7C923.udd" 642
"C:/Users/Owner/AppData/Local/UnrealEngine/Common/DerivedDataCache/9/6/4/TEXTURE_814DCC3DC72143F49509781513CB9855_AUTOETC1_3648AA2A4A658DE90371B081D8DC__3175DC16CED16B495BA8E597089682884F4EFDB4.udd" 643
"C:/Users/Owner/AppData/Local/UnrealEngine/Common/DerivedDataCache/7/4/0/TEXTURE_814DCC3DC72143F49509781513CB9855_AUTOETC1_91A201FE4781221C42DEDE91696E__6F4E55FCE7C6F2B65676F88176899BD231D46883.udd" 644
"C:/Users/Owner/AppData/Local/UnrealEngine/Common/DerivedDataCache/4/0/4/TEXTURE_814DCC3DC72143F49509781513CB9855_AUTOETC1_91A201FE4781221C42DEDE91696E__A9219497DD2300EA3520718E70090DB3A341588D.udd" 645
"C:/Users/Owner/AppData/Local/UnrealEngine/Common/DerivedDataCache/2/7/8/TEXTURE_814DCC3DC72143F49509781513CB9855_AUTOETC1_91A201FE4781221C42DEDE91696E__6D57A14CC76E80645EA69083160DE0AD018BB67A.udd" 646
"C:/Users/Owner/AppData/Local/UnrealEngine/Common/DerivedDataCache/8/2/2/TEXTURE_814DCC3DC72143F49509781513CB9855_AUTOETC1_91A201FE4781221C42DEDE91696E__5189458CB7E4C4D3ED75CCC82D5ADDDB35A2FA0A.udd" 647
"../../../Engine/Content/MobileResources/HUD/T_Castle_ThumbstickInner.uasset" 648
"../../../Engine/Content/MobileResources/T_MobileMenu2.uasset" 649
"C:/Users/Owner/AppData/Local/UnrealEngine/Common/DerivedDataCache/4/7/7/TEXTURE_814DCC3DC72143F49509781513CB9855_AUTOETC1_9F8FBEF84A1997E30FD384955E3D__6A408E1CDF5C92BC25E0CF0FB5311C00E0ECAD1E.udd" 650
"C:/Users/Owner/AppData/Local/UnrealEngine/Common/DerivedDataCache/2/2/1/TEXTURE_814DCC3DC72143F49509781513CB9855_AUTOETC1_9F8FBEF84A1997E30FD384955E3D__972FDFAA7168419231780096EBA544B3058A4CE5.udd" 651
"C:/Users/Owner/AppData/Local/UnrealEngine/Common/DerivedDataCache/8/0/4/TEXTURE_814DCC3DC72143F49509781513CB9855_AUTOETC1_9F8FBEF84A1997E30FD384955E3D__7B5BBC5F4C8A2D31195DA1BA1E6ABD488583F44F.udd" 652
"C:/Users/Owner/AppData/Local/UnrealEngine/Common/DerivedDataCache/2/8/5/TEXTURE_814DCC3DC72143F49509781513CB9855_AUTOETC1_9F8FBEF84A1997E30FD384955E3D__660E5ADE3E286524E73EE0B62E47CA618AB37F96.udd" 653
"../../../Engine/Content/MobileResources/HUD/AnalogHat.uasset" 654
"C:/Users/Owner/AppData/Local/UnrealEngine/Common/DerivedDataCache/6/8/3/TEXTURE_814DCC3DC72143F49509781513CB9855_AUTOETC1_2E1EE3B14D43A62B84881B8F5AAD__B01E18D73F532638B50DDEDF827FAA1860282136.udd" 655
"../../../Engine/Content/MobileResources/HUD/MobileHUDDirectionStick.uasset" 656
"C:/Users/Owner/AppData/Local/UnrealEngine/Common/DerivedDataCache/3/5/3/TEXTURE_814DCC3DC72143F49509781513CB9855_AUTOETC1_8EDAF7A54E378800FEB217863433__CF961769FF928EEADFD63FE3788070AC2503EA81.udd" 657
"../../../../../../Users/Owner/Documents/Unreal Projects/PsychGame/Content/StarterContent/Props/SM_Chair.uasset" 658
"../../../../../../Users/Owner/Documents/Unreal Projects/PsychGame/Content/StarterContent/Props/Materials/M_Chair.uasset" 659
"../../../../../../Users/Owner/Documents/Unreal Projects/PsychGame/Content/StarterContent/Textures/T_Chair_M.uasset" 660
"../../../../../../Users/Owner/Documents/Unreal Projects/PsychGame/Content/StarterContent/Textures/T_Chair_N.uasset" 661
"C:/Users/Owner/AppData/Local/UnrealEngine/Common/DerivedDataCache/9/1/2/MATSM_984AFA3849534FAA8491540B994BD32E_GLSL_ES2_3857__BC5N_DEV_SL_NODBUFCF95F5__3F105BC3078A69130117FFC68BF522407B5BDDBE.udd" 662
"C:/Users/Owner/AppData/Local/UnrealEngine/Common/DerivedDataCache/4/3/4/PHYSX_1D9C17C451EA4FB88CB7A27536A65DB0_PHYSXPC_C0A750DE4D26AC00850AF4A4B0210CEB__1_0_13123_0.udd" 663
"C:/Users/Owner/AppData/Local/UnrealEngine/Common/DerivedDataCache/0/0/5/PHYSX_1D9C17C451EA4FB88CB7A27536A65DB0_PHYSXPC_33EC93CC4F16D1CF052C1A88736F4175__1_0_13123_0.udd" 664
"C:/Users/Owner/AppData/Local/UnrealEngine/Common/DerivedDataCache/6/8/9/PHYSX_1D9C17C451EA4FB88CB7A27536A65DB0_PHYSXPC_F221EF434972CBD5102294BC1EADF758__1_0_13123_0.udd" 665
"../../../Engine/Content/EditorResources/EmptyActor.uasset" 666
"../../../Engine/Content/MobileResources/HUD/VirtualJoystick_Background.uasset" 667
"../../../Engine/Content/MobileResources/T_MobileControls_texture.uasset" 668
"C:/Users/Owner/AppData/Local/UnrealEngine/Common/DerivedDataCache/7/1/1/TEXTURE_814DCC3DC72143F49509781513CB9855_AUTOETC1_119D9D384F916FB5612DEB85B012__F70CE0BF99C3875DF12576A76693DBE123267F4F.udd" 669
"C:/Users/Owner/AppData/Local/UnrealEngine/Common/DerivedDataCache/8/8/7/TEXTURE_814DCC3DC72143F49509781513CB9855_AUTOETC1_119D9D384F916FB5612DEB85B012__95D25CF6FD26984769B743186AB1479ECBEA4B78.udd" 670
"C:/Users/Owner/AppData/Local/UnrealEngine/Common/DerivedDataCache/1/0/5/TEXTURE_814DCC3DC72143F49509781513CB9855_AUTOETC1_119D9D384F916FB5612DEB85B012__E41DCDAC7622973FEEBF50035A2C3C0FDF03B18C.udd" 671
"C:/Users/Owner/AppData/Local/UnrealEngine/Common/DerivedDataCache/6/7/2/TEXTURE_814DCC3DC72143F49509781513CB9855_AUTOETC1_119D9D384F916FB5612DEB85B012__51E9A59B699BD636C2EF33F09BEBF1D2EAEFB259.udd" 672
"C:/Users/Owner/AppData/Local/UnrealEngine/Common/DerivedDataCache/8/3/3/TEXTURE_814DCC3DC72143F49509781513CB9855_AUTOETC1_B5194A964BB93A23D70CB489BFE1__E54E7845DA0C6F444476E6D7EB8BCCE2621C268A.udd" 673
"C:/Users/Owner/AppData/Local/UnrealEngine/Common/DerivedDataCache/1/8/7/TEXTURE_814DCC3DC72143F49509781513CB9855_AUTOETC1_B5194A964BB93A23D70CB489BFE1__FB01522AEDB53B07656ED3CB96097A759FDBE37F.udd" 674
"C:/Users/Owner/AppData/Local/UnrealEngine/Common/DerivedDataCache/8/6/2/TEXTURE_814DCC3DC72143F49509781513CB9855_AUTOETC1_B5194A964BB93A23D70CB489BFE1__C1E57B6037EC7198F930FC6C01A1C5B01C1BE65A.udd" 675
"C:/Users/Owner/AppData/Local/UnrealEngine/Common/DerivedDataCache/7/4/4/TEXTURE_814DCC3DC72143F49509781513CB9855_AUTOETC1_B5194A964BB93A23D70CB489BFE1__A1D5B07BA51FE3BE76F625EF248459B08B540062.udd" 676
"C:/Users/Owner/AppData/Local/UnrealEngine/Common/DerivedDataCache/7/2/5/TEXTURE_814DCC3DC72143F49509781513CB9855_AUTOETC1_B5194A964BB93A23D70CB489BFE1__6B75A61E9F3B91C12C382282DD661A5039C4C2F0.udd" 677
"C:/Users/Owner/AppData/Local/UnrealEngine/Common/DerivedDataCache/2/8/3/TEXTURE_814DCC3DC72143F49509781513CB9855_AUTOETC1_B5194A964BB93A23D70CB489BFE1__5F376933F71E7E144A97F9F7A308D9AB5F0EB881.udd" 678
"../../../Engine/Content/MobileResources/HUD/DefaultVirtualJoysticks.uasset" 679
"../../../Engine/Content/Maps/Entry.umap" 680
"../../../Engine/Content/EngineMaterials/DefaultNormal.uasset" 681
"C:/Users/Owner/AppData/Local/UnrealEngine/Common/DerivedDataCache/8/5/4/TEXTURE_814DCC3DC72143F49509781513CB9855_AUTOETC1_122003924E39A572EF68B5BAC8A9__13325DD553F218247EE660297591AE69DE54CD80.udd" 682
"C:/Users/Owner/AppData/Local/UnrealEngine/Common/DerivedDataCache/2/1/4/TEXTURE_814DCC3DC72143F49509781513CB9855_AUTOETC1_122003924E39A572EF68B5BAC8A9__48693624F0E1891D0EE02E5E6C92C5D18B943A57.udd" 683
"C:/Users/Owner/AppData/Local/UnrealEngine/Common/DerivedDataCache/7/7/2/TEXTURE_814DCC3DC72143F49509781513CB9855_AUTOETC1_122003924E39A572EF68B5BAC8A9__C892017FB3DDF0F30211697ACD39E63F080707AB.udd" 684
"C:/Users/Owner/AppData/Local/UnrealEngine/Common/DerivedDataCache/6/1/4/TEXTURE_814DCC3DC72143F49509781513CB9855_AUTOETC1_122003924E39A572EF68B5BAC8A9__3FA0A83C3E924472AAFB54217E8BF113653DB397.udd" 685
"C:/Users/Owner/AppData/Local/UnrealEngine/Common/DerivedDataCache/7/1/0/TEXTURE_814DCC3DC72143F49509781513CB9855_AUTOETC1_122003924E39A572EF68B5BAC8A9__007921604EBDFA0C7AB7474413FA9C2BB70991A4.udd" 686
"C:/Users/Owner/AppData/Local/UnrealEngine/Common/DerivedDataCache/5/1/0/TEXTURE_814DCC3DC72143F49509781513CB9855_AUTOETC1_5A2DD9584937DEFEBDB4BBB0ACCE__C714FCAC6187BCD16DD3DD850D71732B5BC1D4F6.udd" 687
"C:/Users/Owner/AppData/Local/UnrealEngine/Common/DerivedDataCache/6/5/8/TEXTURE_814DCC3DC72143F49509781513CB9855_AUTOETC1_5A2DD9584937DEFEBDB4BBB0ACCE__35F55CBB1D16CDECBA90BAF9DD8866D48DC2F2B0.udd" 688
"C:/Users/Owner/AppData/Local/UnrealEngine/Common/DerivedDataCache/4/0/8/TEXTURE_814DCC3DC72143F49509781513CB9855_AUTOETC1_5A2DD9584937DEFEBDB4BBB0ACCE__E943C5DCAA218B3D972E2406EEC721F3A7DC2086.udd" 689
"C:/Users/Owner/AppData/Local/UnrealEngine/Common/DerivedDataCache/6/6/0/TEXTURE_814DCC3DC72143F49509781513CB9855_AUTOETC1_5A2DD9584937DEFEBDB4BBB0ACCE__82000CFA9AEB605B9B03BEDC6913F1C776EE4B37.udd" 690
"C:/Users/Owner/AppData/Local/UnrealEngine/Common/DerivedDataCache/1/6/2/TEXTURE_814DCC3DC72143F49509781513CB9855_AUTOETC1_5A2DD9584937DEFEBDB4BBB0ACCE__F8C2B18665B295A9223CE3EED19142ED87E01ABD.udd" 691
"C:/Users/Owner/AppData/Local/UnrealEngine/Common/DerivedDataCache/1/3/7/TEXTURE_814DCC3DC72143F49509781513CB9855_AUTOETC1_5A2DD9584937DEFEBDB4BBB0ACCE__0668E339735B1F9B6CDB84FE2B85D95356D99A2A.udd" 692
"../../../Engine/Content/MobileResources/HUD/MobileHUDButton2_on.uasset" 693
"C:/Users/Owner/AppData/Local/UnrealEngine/Common/DerivedDataCache/4/7/6/TEXTURE_814DCC3DC72143F49509781513CB9855_AUTOETC1_80A9E59646847B4846ED6DAF42DF__0C4971E08097B9D18830DF91D757278FB50B2381.udd" 694
"C:/Users/Owner/AppData/Local/UnrealEngine/Common/DerivedDataCache/2/7/4/TEXTURE_814DCC3DC72143F49509781513CB9855_AUTOETC1_80A9E59646847B4846ED6DAF42DF__A10033056B082BE1C9D7944F9EF35C3D7F782692.udd" 695
"../../../Engine/Content/MobileResources/HUD/MobileHUDButton3.uasset" 696
"C:/Users/Owner/AppData/Local/UnrealEngine/Common/DerivedDataCache/3/8/8/TEXTURE_814DCC3DC72143F49509781513CB9855_AUTOETC1_C49FDA8C4EFE04B87EBA5CB5A57D__3D9BB883A240F2BBA954D3BDF46B92BDDE31C499.udd" 697
"../../../Engine/Content/MobileResources/HUD/MobileHUDButton1_on.uasset" 698
"C:/Users/Owner/AppData/Local/UnrealEngine/Common/DerivedDataCache/1/4/4/TEXTURE_814DCC3DC72143F49509781513CB9855_AUTOETC1_7BBBF743419EE004ACC16E9959BC__850B8551A27DDAF3FD4308855DAD15A21F3332BA.udd" 699
"../../../Engine/Content/MobileResources/HUD/T_Castle_ThumbstickOutter.uasset" 700
"../../../Engine/Content/MobileResources/HUD/MobileHUDDirectionPad2.uasset" 701
"C:/Users/Owner/AppData/Local/UnrealEngine/Common/DerivedDataCache/0/0/3/TEXTURE_814DCC3DC72143F49509781513CB9855_AUTOETC1_F562DDF94D8D885AE92078A9DD77__856CB919E98933578DFFEC4CFAB62BB14D81E31A.udd" 702
"C:/Users/Owner/AppData/Local/UnrealEngine/Common/DerivedDataCache/8/7/4/TEXTURE_814DCC3DC72143F49509781513CB9855_AUTOETC1_F562DDF94D8D885AE92078A9DD77__11A02FE239E7A8FCF81B0D5EC9C5F9871569D25D.udd" 703
"C:/Users/Owner/AppData/Local/UnrealEngine/Common/DerivedDataCache/4/7/5/TEXTURE_814DCC3DC72143F49509781513CB9855_AUTOETC1_F562DDF94D8D885AE92078A9DD77__CFB2C4D30B68C76F3A3646C8D1F261C6851E4430.udd" 704
"../../../Engine/Content/MobileResources/HUD/LeftVirtualJoystickOnly.uasset" 705
"../../../Engine/Content/MobileResources/HUD/MobileHUDDirectionPad3.uasset" 706
"C:/Users/Owner/AppData/Local/UnrealEngine/Common/DerivedDataCache/0/0/3/TEXTURE_814DCC3DC72143F49509781513CB9855_AUTOETC1_C9D41DBE4C754F8B430E7DBADCD4__8EF7BCCA2456BC3B35A7DDB3D88C3A39E1692141.udd" 707
"C:/Users/Owner/AppData/Local/UnrealEngine/Common/DerivedDataCache/5/0/0/TEXTURE_814DCC3DC72143F49509781513CB9855_AUTOETC1_C9D41DBE4C754F8B430E7DBADCD4__99CAE6AB8BA893DCA5FF4606B17BBE43051E2E6B.udd" 708
"C:/Users/Owner/AppData/Local/UnrealEngine/Common/DerivedDataCache/0/3/8/TEXTURE_814DCC3DC72143F49509781513CB9855_AUTOETC1_C9D41DBE4C754F8B430E7DBADCD4__5CA27630B88BE371EC408DC97EAACC5AD150314C.udd" 709
"../../../Engine/Content/MobileResources/HUD/MobileHUDButton1_off.uasset" 710
"C:/Users/Owner/AppData/Local/UnrealEngine/Common/DerivedDataCache/2/1/2/TEXTURE_814DCC3DC72143F49509781513CB9855_AUTOETC1_5FF2868842E6DED8A4C0CB821719__5B6E2AE7BE2273D3DFD996FF168947D01E0954E3.udd" 711
"../../../Engine/Content/MobileResources/HUD/MobileHUDButton2_off.uasset" 712
"C:/Users/Owner/AppData/Local/UnrealEngine/Common/DerivedDataCache/6/3/5/TEXTURE_814DCC3DC72143F49509781513CB9855_AUTOETC1_D5542AFE4886708885DF42B1BE8F__2F075057FD006E88F1C937FE7B00E62F4B168B04.udd" 713
"C:/Users/Owner/AppData/Local/UnrealEngine/Common/DerivedDataCache/8/2/5/TEXTURE_814DCC3DC72143F49509781513CB9855_AUTOETC1_D5542AFE4886708885DF42B1BE8F__5C4869AC40AB2F84EA55D81F727ED360EC265CFF.udd" 714
"../../../Engine/Content/MobileResources/HUD/MobileHUDDirectionPad.uasset" 715
"C:/Users/Owner/AppData/Local/UnrealEngine/Common/DerivedDataCache/4/6/0/TEXTURE_814DCC3DC72143F49509781513CB9855_AUTOETC1_3F3B1DD44FE006226A690596DBDD__66F5AE46C8F2E764F5080AFDBC85172E38F50134.udd" 716
"C:/Users/Owner/AppData/Local/UnrealEngine/Common/DerivedDataCache/8/7/6/TEXTURE_814DCC3DC72143F49509781513CB9855_AUTOETC1_3F3B1DD44FE006226A690596DBDD__22B532777E5D02E8EED5226F60AAE28B8C4FCD52.udd" 717
"../../../Engine/Content/MobileResources/HUD/MobileHUDButtonFire.uasset" 718
"C:/Users/Owner/AppData/Local/UnrealEngine/Common/DerivedDataCache/8/1/3/TEXTURE_814DCC3DC72143F49509781513CB9855_AUTOETC1_C200B7694C3FE53EBCE97592F5F4__C8B33D317BFF80C323CD4B45D509D86A55719B3F.udd" 719
"../../../../../../Users/Owner/Documents/Unreal Projects/PsychGame/Saved/Stats/2015.12.07-21.15.54Stats.csv" 720
"..\..\..\Engine\Content\Internationalization\icudt53l\windowsZones.res" 721
"..\..\..\Engine\Content\Internationalization\icudt53l\zoneinfo64.res" 722
"..\..\..\Engine\Content\Internationalization\icudt53l\keyTypeData.res" 723
"..\..\..\Engine\Content\Internationalization\icudt53l\timezoneTypes.res" 724
"..\..\..\Engine\Content\Internationalization\icudt53l\supplementalData.res" 725
"..\..\..\Engine\Content\Internationalization\icudt53l\likelySubtags.res" 726
